2020-02-02 16:17:51,941 [INFO] Activator:176 - 


2020-02-02 16:17:51,944 [INFO] Activator:177 - !SESSION log4j initialized
2020-02-02 16:18:06,980 [INFO] ApplicationProperties:181 - Using Application install path: C:\ST\STM32CubeIDE_1.1.0\STM32CubeIDE\plugins\com.st.stm32cube.common.mx_5.4.0.201910091541
2020-02-02 16:18:07,000 [INFO] DbMcusXml:68 - Set database path to: C:\ST\STM32CubeIDE_1.1.0\STM32CubeIDE\plugins\com.st.stm32cube.common.mx_5.4.0.201910091541\\db\/mcu/
2020-02-02 16:18:07,005 [INFO] DbBoardsPdsc:54 - Set plugin database path to: C:\ST\STM32CubeIDE_1.1.0\STM32CubeIDE\plugins\com.st.stm32cube.common.mx_5.4.0.201910091541\\db\/plugins/boardmanager/
2020-02-02 16:18:07,005 [INFO] DbMcus:265 - Set plugin images path to: C:\ST\STM32CubeIDE_1.1.0\STM32CubeIDE\plugins\com.st.stm32cube.common.mx_5.4.0.201910091541\\db\/plugins/mcufinder/images/
2020-02-02 16:18:07,006 [INFO] DbBoards:232 - Set plugin images path to: C:\ST\STM32CubeIDE_1.1.0\STM32CubeIDE\plugins\com.st.stm32cube.common.mx_5.4.0.201910091541\\db\/plugins/mcufinder/images/
2020-02-02 16:18:07,008 [INFO] APIGFXSelector:72 - Set database path to: C:\ST\STM32CubeIDE_1.1.0\STM32CubeIDE\plugins\com.st.stm32cube.common.mx_5.4.0.201910091541\\db\/plugins/mcufinder/mcu/
2020-02-02 16:18:07,026 [INFO] DbMcusAds:72 - Set database path to: C:\Users\parki\.stmcufinder\plugins\mcufinder//mcu/
2020-02-02 16:18:07,027 [INFO] DbMcusDocs:92 - Set database path to: C:\Users\parki\.stmcufinder\plugins\mcufinder//mcu/
2020-02-02 16:18:07,029 [INFO] DbMcusJson:59 - Set database path to: C:\Users\parki\.stmcufinder\plugins\mcufinder//mcu/
2020-02-02 16:18:07,030 [INFO] DbBoardsDocs:84 - Set database path to: C:\Users\parki\.stmcufinder\plugins\mcufinder//mcu/
2020-02-02 16:18:07,031 [INFO] DbBoardsJson:51 - Set database path to: C:\Users\parki\.stmcufinder\plugins\mcufinder//mcu/
2020-02-02 16:18:07,131 [INFO] CrossReferenceDbSqlite:197 - Set database path to: C:\Users\parki\.stmcufinder\plugins\mcufinder//mcu/cs/
2020-02-02 16:18:07,258 [INFO] RulesReader:52 - Compatibility file has been processed (179 Rules)
2020-02-02 16:18:07,394 [INFO] MicroXplorer:570 - Detected Java Version = 1.8.0_202
2020-02-02 16:18:07,394 [INFO] DbMcusXml:68 - Set database path to: C:\ST\STM32CubeIDE_1.1.0\STM32CubeIDE\plugins\com.st.stm32cube.common.mx_5.4.0.201910091541\\db\/mcu/
2020-02-02 16:18:07,394 [INFO] DbBoardsPdsc:54 - Set plugin database path to: C:\ST\STM32CubeIDE_1.1.0\STM32CubeIDE\plugins\com.st.stm32cube.common.mx_5.4.0.201910091541\\db\/plugins/boardmanager/
2020-02-02 16:18:07,395 [INFO] DbMcus:265 - Set plugin images path to: C:\ST\STM32CubeIDE_1.1.0\STM32CubeIDE\plugins\com.st.stm32cube.common.mx_5.4.0.201910091541\\db\/plugins/mcufinder/images/
2020-02-02 16:18:07,395 [INFO] DbBoards:232 - Set plugin images path to: C:\ST\STM32CubeIDE_1.1.0\STM32CubeIDE\plugins\com.st.stm32cube.common.mx_5.4.0.201910091541\\db\/plugins/mcufinder/images/
2020-02-02 16:18:07,396 [INFO] APIGFXSelector:72 - Set database path to: C:\ST\STM32CubeIDE_1.1.0\STM32CubeIDE\plugins\com.st.stm32cube.common.mx_5.4.0.201910091541\\db\/plugins/mcufinder/mcu/
2020-02-02 16:18:07,396 [WARN] DbFile:31 - Overriding database path with different value: C:\Users\parki\.stmcufinder\plugins\mcufinder/ => C:\Users\parki\.stmcufinder\plugins\mcufinder
2020-02-02 16:18:07,396 [INFO] DbMcusAds:72 - Set database path to: C:\Users\parki\.stmcufinder\plugins\mcufinder//mcu/
2020-02-02 16:18:07,396 [WARN] DbFile:31 - Overriding database path with different value: C:\Users\parki\.stmcufinder\plugins\mcufinder/ => C:\Users\parki\.stmcufinder\plugins\mcufinder
2020-02-02 16:18:07,396 [INFO] DbMcusDocs:92 - Set database path to: C:\Users\parki\.stmcufinder\plugins\mcufinder//mcu/
2020-02-02 16:18:07,396 [WARN] DbFile:31 - Overriding database path with different value: C:\Users\parki\.stmcufinder\plugins\mcufinder/ => C:\Users\parki\.stmcufinder\plugins\mcufinder
2020-02-02 16:18:07,397 [INFO] DbMcusJson:59 - Set database path to: C:\Users\parki\.stmcufinder\plugins\mcufinder//mcu/
2020-02-02 16:18:07,397 [WARN] DbFile:31 - Overriding database path with different value: C:\Users\parki\.stmcufinder\plugins\mcufinder/ => C:\Users\parki\.stmcufinder\plugins\mcufinder
2020-02-02 16:18:07,397 [INFO] DbBoardsDocs:84 - Set database path to: C:\Users\parki\.stmcufinder\plugins\mcufinder//mcu/
2020-02-02 16:18:07,397 [WARN] DbFile:31 - Overriding database path with different value: C:\Users\parki\.stmcufinder\plugins\mcufinder/ => C:\Users\parki\.stmcufinder\plugins\mcufinder
2020-02-02 16:18:07,397 [INFO] DbBoardsJson:51 - Set database path to: C:\Users\parki\.stmcufinder\plugins\mcufinder//mcu/
2020-02-02 16:18:07,397 [WARN] DbFile:31 - Overriding database path with different value: C:\Users\parki\.stmcufinder\plugins\mcufinder/ => C:\Users\parki\.stmcufinder\plugins\mcufinder
2020-02-02 16:18:07,397 [WARN] DbFile:31 - Overriding database path with different value: C:\Users\parki\.stmcufinder\plugins\mcufinder/ => C:\Users\parki\.stmcufinder\plugins\mcufinder
2020-02-02 16:18:07,398 [INFO] CrossReferenceDbSqlite:197 - Set database path to: C:\Users\parki\.stmcufinder\plugins\mcufinder//mcu/cs/
2020-02-02 16:18:07,489 [INFO] MainPanel:185 - HeapMemory: 297795584
2020-02-02 16:18:07,592 [INFO] DbMcusXml:68 - Set database path to: C:\ST\STM32CubeIDE_1.1.0\STM32CubeIDE\plugins\com.st.stm32cube.common.mx_5.4.0.201910091541\\db\/mcu/
2020-02-02 16:18:07,592 [INFO] DbBoardsPdsc:54 - Set plugin database path to: C:\ST\STM32CubeIDE_1.1.0\STM32CubeIDE\plugins\com.st.stm32cube.common.mx_5.4.0.201910091541\\db\/plugins/boardmanager/
2020-02-02 16:18:07,593 [INFO] DbMcus:265 - Set plugin images path to: C:\ST\STM32CubeIDE_1.1.0\STM32CubeIDE\plugins\com.st.stm32cube.common.mx_5.4.0.201910091541\\db\/plugins/mcufinder/images/
2020-02-02 16:18:07,593 [INFO] DbBoards:232 - Set plugin images path to: C:\ST\STM32CubeIDE_1.1.0\STM32CubeIDE\plugins\com.st.stm32cube.common.mx_5.4.0.201910091541\\db\/plugins/mcufinder/images/
2020-02-02 16:18:07,593 [INFO] APIGFXSelector:72 - Set database path to: C:\ST\STM32CubeIDE_1.1.0\STM32CubeIDE\plugins\com.st.stm32cube.common.mx_5.4.0.201910091541\\db\/plugins/mcufinder/mcu/
2020-02-02 16:18:07,594 [WARN] DbFile:31 - Overriding database path with different value: C:\Users\parki\.stmcufinder\plugins\mcufinder/ => C:\Users\parki\.stmcufinder\plugins\mcufinder
2020-02-02 16:18:07,595 [INFO] DbMcusAds:72 - Set database path to: C:\Users\parki\.stmcufinder\plugins\mcufinder//mcu/
2020-02-02 16:18:07,595 [WARN] DbFile:31 - Overriding database path with different value: C:\Users\parki\.stmcufinder\plugins\mcufinder/ => C:\Users\parki\.stmcufinder\plugins\mcufinder
2020-02-02 16:18:07,595 [INFO] DbMcusDocs:92 - Set database path to: C:\Users\parki\.stmcufinder\plugins\mcufinder//mcu/
2020-02-02 16:18:07,595 [WARN] DbFile:31 - Overriding database path with different value: C:\Users\parki\.stmcufinder\plugins\mcufinder/ => C:\Users\parki\.stmcufinder\plugins\mcufinder
2020-02-02 16:18:07,595 [INFO] DbMcusJson:59 - Set database path to: C:\Users\parki\.stmcufinder\plugins\mcufinder//mcu/
2020-02-02 16:18:07,595 [WARN] DbFile:31 - Overriding database path with different value: C:\Users\parki\.stmcufinder\plugins\mcufinder/ => C:\Users\parki\.stmcufinder\plugins\mcufinder
2020-02-02 16:18:07,596 [INFO] DbBoardsDocs:84 - Set database path to: C:\Users\parki\.stmcufinder\plugins\mcufinder//mcu/
2020-02-02 16:18:07,596 [WARN] DbFile:31 - Overriding database path with different value: C:\Users\parki\.stmcufinder\plugins\mcufinder/ => C:\Users\parki\.stmcufinder\plugins\mcufinder
2020-02-02 16:18:07,596 [INFO] DbBoardsJson:51 - Set database path to: C:\Users\parki\.stmcufinder\plugins\mcufinder//mcu/
2020-02-02 16:18:07,596 [WARN] DbFile:31 - Overriding database path with different value: C:\Users\parki\.stmcufinder\plugins\mcufinder/ => C:\Users\parki\.stmcufinder\plugins\mcufinder
2020-02-02 16:18:07,596 [WARN] DbFile:31 - Overriding database path with different value: C:\Users\parki\.stmcufinder\plugins\mcufinder/ => C:\Users\parki\.stmcufinder\plugins\mcufinder
2020-02-02 16:18:07,597 [INFO] CrossReferenceDbSqlite:197 - Set database path to: C:\Users\parki\.stmcufinder\plugins\mcufinder//mcu/cs/
2020-02-02 16:18:07,618 [INFO] ApplicationProperties:181 - Using Application install path: C:\ST\STM32CubeIDE_1.1.0\STM32CubeIDE\plugins\com.st.stm32cube.common.mx_5.4.0.201910091541
2020-02-02 16:18:07,620 [INFO] PluginManage:178 - Search for loadable plugins [exclusion list=]
2020-02-02 16:18:07,622 [INFO] PluginManage:292 - Check plugin analytics
2020-02-02 16:18:07,649 [INFO] PluginManage:342 - Loaded plugin analytics (category:tool,tabindex:-1)
2020-02-02 16:18:07,650 [INFO] PluginManage:292 - Check plugin clock
2020-02-02 16:18:07,670 [INFO] PluginManage:342 - Loaded plugin clock (category:base,tabindex:2)
2020-02-02 16:18:07,670 [INFO] PluginManage:292 - Check plugin ddr
2020-02-02 16:18:07,674 [INFO] PluginManage:342 - Loaded plugin ddr (category:tool,tabindex:6)
2020-02-02 16:18:07,674 [INFO] PluginManage:292 - Check plugin filemanager
2020-02-02 16:18:07,797 [INFO] PluginManage:342 - Loaded plugin filemanager (category:base,tabindex:10)
2020-02-02 16:18:07,797 [INFO] PluginManage:292 - Check plugin ipmanager
2020-02-02 16:18:07,807 [INFO] PluginManage:342 - Loaded plugin ipmanager (category:base,tabindex:5)
2020-02-02 16:18:07,808 [INFO] PluginManage:292 - Check plugin pinoutandconfiguration
2020-02-02 16:18:07,823 [INFO] PluginManage:342 - Loaded plugin pinoutandconfiguration (category:base,tabindex:1)
2020-02-02 16:18:07,823 [INFO] PluginManage:292 - Check plugin pinoutconfig
2020-02-02 16:18:07,852 [INFO] PluginManage:342 - Loaded plugin pinoutconfig (category:base,tabindex:0)
2020-02-02 16:18:07,852 [INFO] PluginManage:292 - Check plugin power
2020-02-02 16:18:07,874 [INFO] PluginManage:342 - Loaded plugin power (category:power,tabindex:4)
2020-02-02 16:18:07,874 [INFO] PluginManage:292 - Check plugin projectmanager
2020-02-02 16:18:07,886 [INFO] PluginManage:342 - Loaded plugin projectmanager (category:projectmanager,tabindex:3)
2020-02-02 16:18:07,886 [INFO] PluginManage:292 - Check plugin thirdparty
2020-02-02 16:18:07,952 [INFO] ThirdPartyDb:294 - Open Third Party DataBase File (C:/Users/parki/.stm32cubemx/plugins/thirdparty/db/thirdparties_db.xml) : 26 ms. number of Sw pack : 8
2020-02-02 16:18:07,984 [INFO] PluginManage:342 - Loaded plugin thirdparty (category:base,tabindex:-1)
2020-02-02 16:18:07,985 [INFO] PluginManage:292 - Check plugin tools
2020-02-02 16:18:08,015 [INFO] PluginManage:342 - Loaded plugin tools (category:base,tabindex:7)
2020-02-02 16:18:08,015 [INFO] PluginManage:292 - Check plugin updater
2020-02-02 16:18:08,030 [INFO] PluginManage:342 - Loaded plugin updater (category:base,tabindex:12)
2020-02-02 16:18:08,031 [INFO] PluginManage:265 - PluginManage : Loaded plugins [12]
2020-02-02 16:18:08,236 [INFO] PinOutPanel:1367 - setPackage(No Configuration,No Configuration)
2020-02-02 16:18:08,384 [INFO] IPUIPlugin:63 - create IPUIPlugin
2020-02-02 16:18:08,385 [INFO] PluginManager:200 - loadIPPluginJar : add adc
2020-02-02 16:18:08,425 [INFO] IPUIPlugin:63 - create IPUIPlugin
2020-02-02 16:18:08,425 [INFO] PluginManager:200 - loadIPPluginJar : add aes
2020-02-02 16:18:08,480 [INFO] IPUIPlugin:63 - create IPUIPlugin
2020-02-02 16:18:08,481 [INFO] PluginManager:200 - loadIPPluginJar : add can
2020-02-02 16:18:08,502 [INFO] IPUIPlugin:63 - create IPUIPlugin
2020-02-02 16:18:08,503 [INFO] PluginManager:200 - loadIPPluginJar : add comp
2020-02-02 16:18:08,538 [INFO] IPUIPlugin:63 - create IPUIPlugin
2020-02-02 16:18:08,538 [INFO] PluginManager:200 - loadIPPluginJar : add cryp
2020-02-02 16:18:08,574 [INFO] IPUIPlugin:63 - create IPUIPlugin
2020-02-02 16:18:08,575 [INFO] PluginManager:200 - loadIPPluginJar : add dfsdm
2020-02-02 16:18:08,585 [INFO] IPUIPlugin:63 - create IPUIPlugin
2020-02-02 16:18:08,586 [INFO] PluginManager:200 - loadIPPluginJar : add dma
2020-02-02 16:18:08,601 [INFO] IPUIPlugin:63 - create IPUIPlugin
2020-02-02 16:18:08,601 [INFO] PluginManager:200 - loadIPPluginJar : add fatfs
2020-02-02 16:18:08,644 [INFO] IPUIPlugin:63 - create IPUIPlugin
2020-02-02 16:18:08,645 [INFO] PluginManager:200 - loadIPPluginJar : add fmc
2020-02-02 16:18:08,658 [INFO] IPUIPlugin:63 - create IPUIPlugin
2020-02-02 16:18:08,658 [INFO] PluginManager:200 - loadIPPluginJar : add freertos
2020-02-02 16:18:08,675 [INFO] IPUIPlugin:63 - create IPUIPlugin
2020-02-02 16:18:08,675 [INFO] PluginManager:200 - loadIPPluginJar : add genericplugin
2020-02-02 16:18:08,746 [INFO] IPUIPlugin:63 - create IPUIPlugin
2020-02-02 16:18:08,747 [INFO] PluginManager:200 - loadIPPluginJar : add gfxmmu
2020-02-02 16:18:08,756 [INFO] IPUIPlugin:63 - create IPUIPlugin
2020-02-02 16:18:08,756 [INFO] PluginManager:200 - loadIPPluginJar : add gfxsimulator
2020-02-02 16:18:08,856 [INFO] IPUIPlugin:63 - create IPUIPlugin
2020-02-02 16:18:08,856 [INFO] PluginManager:200 - loadIPPluginJar : add gic
2020-02-02 16:18:08,868 [INFO] IPUIPlugin:63 - create IPUIPlugin
2020-02-02 16:18:08,868 [INFO] PluginManager:200 - loadIPPluginJar : add gpio
2020-02-02 16:18:08,925 [INFO] IPUIPlugin:63 - create IPUIPlugin
2020-02-02 16:18:08,925 [INFO] PluginManager:200 - loadIPPluginJar : add gtzc
2020-02-02 16:18:08,963 [INFO] IPUIPlugin:63 - create IPUIPlugin
2020-02-02 16:18:08,963 [INFO] PluginManager:200 - loadIPPluginJar : add hash
2020-02-02 16:18:09,013 [INFO] IPUIPlugin:63 - create IPUIPlugin
2020-02-02 16:18:09,013 [INFO] PluginManager:200 - loadIPPluginJar : add i2c
2020-02-02 16:18:09,051 [INFO] IPUIPlugin:63 - create IPUIPlugin
2020-02-02 16:18:09,051 [INFO] PluginManager:200 - loadIPPluginJar : add i2s
2020-02-02 16:18:09,168 [INFO] IPUIPlugin:63 - create IPUIPlugin
2020-02-02 16:18:09,168 [INFO] PluginManager:200 - loadIPPluginJar : add ipddr
2020-02-02 16:18:09,201 [INFO] IPUIPlugin:63 - create IPUIPlugin
2020-02-02 16:18:09,202 [INFO] PluginManager:200 - loadIPPluginJar : add ltdc
2020-02-02 16:18:09,211 [INFO] IPUIPlugin:63 - create IPUIPlugin
2020-02-02 16:18:09,211 [INFO] PluginManager:200 - loadIPPluginJar : add mdma
2020-02-02 16:18:09,220 [INFO] IPUIPlugin:63 - create IPUIPlugin
2020-02-02 16:18:09,220 [INFO] PluginManager:200 - loadIPPluginJar : add nvic
2020-02-02 16:18:09,260 [INFO] IPUIPlugin:63 - create IPUIPlugin
2020-02-02 16:18:09,260 [INFO] PluginManager:200 - loadIPPluginJar : add opamp
2020-02-02 16:18:09,324 [INFO] IPUIPlugin:63 - create IPUIPlugin
2020-02-02 16:18:09,325 [INFO] PluginManager:200 - loadIPPluginJar : add pdm2pcm
2020-02-02 16:18:09,340 [INFO] IPUIPlugin:63 - create IPUIPlugin
2020-02-02 16:18:09,342 [INFO] PluginManager:200 - loadIPPluginJar : add plateformsettings
2020-02-02 16:18:09,360 [INFO] IPUIPlugin:63 - create IPUIPlugin
2020-02-02 16:18:09,360 [INFO] PluginManager:200 - loadIPPluginJar : add quadspi
2020-02-02 16:18:09,369 [INFO] IPUIPlugin:63 - create IPUIPlugin
2020-02-02 16:18:09,369 [INFO] PluginManager:200 - loadIPPluginJar : add resmgrutility
2020-02-02 16:18:09,415 [INFO] IPUIPlugin:63 - create IPUIPlugin
2020-02-02 16:18:09,415 [INFO] PluginManager:200 - loadIPPluginJar : add sai
2020-02-02 16:18:09,447 [INFO] IPUIPlugin:63 - create IPUIPlugin
2020-02-02 16:18:09,448 [INFO] PluginManager:200 - loadIPPluginJar : add spi
2020-02-02 16:18:09,486 [INFO] IPUIPlugin:63 - create IPUIPlugin
2020-02-02 16:18:09,487 [INFO] PluginManager:200 - loadIPPluginJar : add stm32_wpan
2020-02-02 16:18:09,505 [INFO] IPUIPlugin:63 - create IPUIPlugin
2020-02-02 16:18:09,505 [INFO] PluginManager:200 - loadIPPluginJar : add tim
2020-02-02 16:18:09,560 [INFO] IPUIPlugin:63 - create IPUIPlugin
2020-02-02 16:18:09,560 [INFO] PluginManager:200 - loadIPPluginJar : add touchsensing
2020-02-02 16:18:09,577 [INFO] IPUIPlugin:63 - create IPUIPlugin
2020-02-02 16:18:09,578 [INFO] PluginManager:200 - loadIPPluginJar : add tracer_emb
2020-02-02 16:18:09,597 [INFO] IPUIPlugin:63 - create IPUIPlugin
2020-02-02 16:18:09,598 [INFO] PluginManager:200 - loadIPPluginJar : add ts
2020-02-02 16:18:09,615 [INFO] IPUIPlugin:63 - create IPUIPlugin
2020-02-02 16:18:09,615 [INFO] PluginManager:200 - loadIPPluginJar : add tsc
2020-02-02 16:18:09,632 [INFO] IPUIPlugin:63 - create IPUIPlugin
2020-02-02 16:18:09,632 [INFO] PluginManager:200 - loadIPPluginJar : add ucpd
2020-02-02 16:18:09,670 [INFO] IPUIPlugin:63 - create IPUIPlugin
2020-02-02 16:18:09,671 [INFO] PluginManager:200 - loadIPPluginJar : add usart
2020-02-02 16:18:10,111 [INFO] BoardConnectionPanel:220 - [DDR PANEL] osNameString: Windows
2020-02-02 16:18:10,275 [INFO] BoardConnectionPanel:3149 - [DDR PANEL] STM32CubeIDE environment
2020-02-02 16:18:10,276 [INFO] MainDdrPanel:100 - [DDR PANEL] GETTER - cubeProgrammerPath is: null
2020-02-02 16:18:10,493 [FATAL] Updater:277 - Updater called before beeing initialized
2020-02-02 16:18:10,764 [FATAL] Updater:277 - Updater called before beeing initialized
2020-02-02 16:18:10,774 [INFO] PinOutPanel:1367 - setPackage(No Configuration,No Configuration)
2020-02-02 16:18:10,775 [FATAL] Updater:277 - Updater called before beeing initialized
2020-02-02 16:18:10,780 [INFO] BoardConnectionPanel:3149 - [DDR PANEL] STM32CubeIDE environment
2020-02-02 16:18:10,780 [INFO] MainDdrPanel:100 - [DDR PANEL] GETTER - cubeProgrammerPath is: C:\ST\STM32CubeIDE_1.1.0\STM32CubeIDE\plugins\com.st.stm32cube.ide.mcu.externaltools.cubeprogrammer.win32_1.1.0.201910081157\tools\bin
2020-02-02 16:18:10,790 [INFO] ProgrammerExecThread:148 - [ProgrammerAPI] CubeProgrammer command construction: C:\ST\STM32CubeIDE_1.1.0\STM32CubeIDE\plugins\com.st.stm32cube.ide.mcu.externaltools.cubeprogrammer.win32_1.1.0.201910081157\tools\bin\STM32_Programmer_CLI.exe -l
2020-02-02 16:18:10,967 [FATAL] Updater:277 - Updater called before beeing initialized
2020-02-02 16:18:10,967 [ERROR] IntegrityCheckThread:230 - Cannot obtain thirdParties list 21
2020-02-02 16:18:10,967 [ERROR] IntegrityCheckThread:99 - Unexpected exception IntegrityCheckThread Thread: Updater error
2020-02-02 16:18:10,968 [INFO] ThirdPartyDb:264 - Close Third Party DataBase File (C:/Users/parki/.stm32cubemx/plugins/thirdparty/db/thirdparties_db.xml)
2020-02-02 16:18:10,989 [INFO] MainDdrPanel:90 - [DDR PANEL] SETTER - Set cubeProgrammerPath to: C:\ST\STM32CubeIDE_1.1.0\STM32CubeIDE\plugins\com.st.stm32cube.ide.mcu.externaltools.cubeprogrammer.win32_1.1.0.201910081157\tools\bin
2020-02-02 16:18:11,030 [INFO] Updater:886 - Updater Version found : 5.4.0
2020-02-02 16:18:11,069 [INFO] ApplicationProperties:181 - Using Application install path: C:\ST\STM32CubeIDE_1.1.0\STM32CubeIDE\plugins\com.st.stm32cube.common.mx_5.4.0.201910091541
2020-02-02 16:18:11,607 [INFO] MainUpdater:2232 - connection check result : 10
2020-02-02 16:18:11,609 [INFO] MainUpdater:236 - Updater Check For Update Now.
2020-02-02 16:18:11,609 [INFO] MicroXplorer:420 - Change Database Version : DB.5.0.40
2020-02-02 16:18:11,679 [INFO] CheckServerUpdateThread:92 - End of CheckServer Thread
2020-02-02 16:18:11,831 [INFO] MainUpdater:2232 - connection check result : 10
2020-02-02 16:18:11,832 [INFO] LogOutputStream:76 - [STDOUT_REDIRECT] Successfull proxy connection.
2020-02-02 16:18:12,006 [INFO] McuFinderGlobals:40 - Set McuFinder mode to 2 (CubeIDE integrated)
2020-02-02 16:18:12,021 [INFO] FinderPluginLoader:86 - Searching for filters in installed packs
2020-02-02 16:18:12,024 [INFO] DbMcusXml:106 - Load MCU database from C:\ST\STM32CubeIDE_1.1.0\STM32CubeIDE\plugins\com.st.stm32cube.common.mx_5.4.0.201910091541\\db\/mcu/families.xml
2020-02-02 16:18:12,861 [INFO] DbMcusJson:87 - JSON generation date=Wed Jan 22 06:50:05 MST 2020 (1579701005)
2020-02-02 16:18:13,897 [INFO] DbMcus:193 - Found 1544 MCUs (1504 are supported by CubeMX, 1504 are visible in CubeMX)
2020-02-02 16:18:13,898 [INFO] ApiDb:158 - Load user favorites file C:\Users\parki/.stm32cubeide/favorites.mcus.txt: 0 item(s)
2020-02-02 16:18:13,898 [INFO] ApiDb:163 - User favorites MCUs=[]
2020-02-02 16:18:13,899 [INFO] DbMcus:204 - Set 0 / 0 favorites MCUs
2020-02-02 16:18:14,694 [INFO] DbMcusAds:130 - JSON generation date=Wed Feb 20 09:46:15 MST 2019 (1550681175)
2020-02-02 16:18:14,696 [INFO] LoadUrlFilesThread:161 - End of LoadServerUrlFiles without Thread
2020-02-02 16:18:14,727 [INFO] McuDetailPanel:180 - Set advertising image to C:/Users/parki/STM32Cube/Repository/\PRSTM32MP10219-01-med.jpg
2020-02-02 16:18:16,481 [INFO] ServerAccessManage:348 - Download File mcusDocs.json
2020-02-02 16:18:17,018 [INFO] LoadUrlFilesThread:134 - End of LoadUrlFiles Thread
2020-02-02 16:18:26,378 [INFO] ServerAccessManage:348 - Download File mcusFeaturesAndDescription.json
2020-02-02 16:18:28,582 [INFO] LoadUrlFilesThread:134 - End of LoadUrlFiles Thread
2020-02-02 16:18:28,998 [INFO] ServerAccessManage:348 - Download File mcusAds.json
2020-02-02 16:18:29,016 [INFO] LoadUrlFilesThread:134 - End of LoadUrlFiles Thread
2020-02-02 16:18:31,000 [INFO] ServerAccessManage:348 - Download File boardsDocs.json
2020-02-02 16:18:31,530 [INFO] LoadUrlFilesThread:134 - End of LoadUrlFiles Thread
2020-02-02 16:18:32,261 [INFO] ServerAccessManage:348 - Download File boards.json
2020-02-02 16:18:32,964 [INFO] LoadUrlFilesThread:134 - End of LoadUrlFiles Thread
2020-02-02 16:18:33,497 [INFO] ServerAccessManage:348 - Download File crdb.zip
2020-02-02 16:18:34,401 [INFO] FileExtend:210 - Unzip File : crdb.zip
2020-02-02 16:18:34,403 [INFO] FileExtend:225 - Standard Zip Deflate
2020-02-02 16:18:34,444 [INFO] LoadUrlFilesThread:134 - End of LoadUrlFiles Thread
2020-02-02 16:18:34,451 [INFO] DbMcusDocs:126 - JSON generation date=Wed Jan 22 06:50:05 MST 2020 (1579701005)
2020-02-02 16:18:34,558 [INFO] DbMcusDocs:61 - Found 541 MCUs documents
2020-02-02 16:18:34,560 [INFO] ApiDb:186 - Save user favorites file C:\Users\parki/.stm32cubeide/favorites.mcus.txt: 0 item(s)
2020-02-02 16:18:34,560 [INFO] ApiDb:191 - User favorites MCUs=[]
2020-02-02 16:18:34,560 [INFO] DbMcusXml:106 - Load MCU database from C:\ST\STM32CubeIDE_1.1.0\STM32CubeIDE\plugins\com.st.stm32cube.common.mx_5.4.0.201910091541\\db\/mcu/families.xml
2020-02-02 16:18:34,931 [INFO] DbMcusJson:87 - JSON generation date=Wed Jan 22 06:50:05 MST 2020 (1579701005)
2020-02-02 16:18:35,623 [INFO] DbMcus:193 - Found 1544 MCUs (1504 are supported by CubeMX, 1504 are visible in CubeMX)
2020-02-02 16:18:35,624 [INFO] ApiDb:158 - Load user favorites file C:\Users\parki/.stm32cubeide/favorites.mcus.txt: 0 item(s)
2020-02-02 16:18:35,624 [INFO] ApiDb:163 - User favorites MCUs=[]
2020-02-02 16:18:35,624 [INFO] DbMcus:204 - Set 0 / 0 favorites MCUs
2020-02-02 16:18:35,673 [INFO] McuFilterPanel:282 - Update 0 favorites MCUs
2020-02-02 16:18:35,858 [INFO] DbBoardsDocs:118 - JSON generation date=Wed Jan 22 06:50:05 MST 2020 (1579701005)
2020-02-02 16:18:35,877 [INFO] DbBoardsPdsc:92 - Found 19 items
2020-02-02 16:18:35,885 [INFO] DbBoardsPdsc:92 - Found 9 items
2020-02-02 16:18:35,894 [INFO] DbBoardsPdsc:92 - Found 27 items
2020-02-02 16:18:35,901 [INFO] DbBoardsPdsc:92 - Found 1 items
2020-02-02 16:18:35,913 [INFO] DbBoardsPdsc:92 - Found 38 items
2020-02-02 16:18:35,925 [INFO] DbBoardsPdsc:92 - Found 38 items
2020-02-02 16:18:35,932 [INFO] DbBoardsPdsc:92 - Found 1 items
2020-02-02 16:18:35,947 [INFO] DbBoardsJson:79 - JSON generation date=Wed Jan 22 05:22:01 MST 2020 (1579695721)
2020-02-02 16:18:35,969 [INFO] DbBoards:120 - Found 134 boards (132 are supported by CubeMX)
2020-02-02 16:18:35,973 [INFO] DbBoardsDocs:118 - JSON generation date=Wed Jan 22 06:50:05 MST 2020 (1579701005)
2020-02-02 16:18:35,979 [INFO] DbBoardsDocs:57 - Found 162 boards documents
2020-02-02 16:18:35,980 [WARN] DbBoards:130 - board NUCLEO-H743ZI2 has no document id list !
2020-02-02 16:18:35,981 [WARN] DbBoards:152 - board NUCLEO-L552ZE-Q / document id not found: 4505
2020-02-02 16:18:35,981 [WARN] DbBoards:130 - board P-NUCLEO-WB55-Nucleo has no document id list !
2020-02-02 16:18:35,981 [WARN] DbBoards:130 - board P-NUCLEO-WB55-USBDongle has no document id list !
2020-02-02 16:18:35,982 [WARN] DbBoards:130 - board STM32F401C-DISCO has no document id list !
2020-02-02 16:18:35,982 [WARN] DbBoards:130 - board STM32F769I-DISC1 has no document id list !
2020-02-02 16:18:35,982 [WARN] DbBoards:130 - board STM32L-DISCOVERY has no document id list !
2020-02-02 16:18:35,983 [WARN] DbBoards:130 - board STM32H747I-DISC1 has no document id list !
2020-02-02 16:18:35,983 [WARN] DbBoards:130 - board STM32MP157A-DK1 has no document id list !
2020-02-02 16:18:35,983 [WARN] DbBoards:152 - board STM32L562E-DK / document id not found: 4510
2020-02-02 16:18:35,983 [WARN] DbBoards:152 - board STM32L562E-DK / document id not found: 4514
2020-02-02 16:18:35,983 [WARN] DbBoards:130 - board STM32100E-EVAL has no document id list !
2020-02-02 16:18:35,983 [WARN] DbBoards:130 - board STM32303C-EVAL has no document id list !
2020-02-02 16:18:35,983 [WARN] DbBoards:130 - board STM32L152D-EVAL has no document id list !
2020-02-02 16:18:35,984 [WARN] DbBoards:130 - board STM32H743I-EVAL2 has no document id list !
2020-02-02 16:18:35,984 [WARN] DbBoards:130 - board STM32H753I-EVAL2 has no document id list !
2020-02-02 16:18:35,984 [WARN] DbBoards:130 - board STM32G474E-EVAL1 has no document id list !
2020-02-02 16:18:35,984 [WARN] DbBoards:152 - board STM32L552E-EV / document id not found: 4493
2020-02-02 16:18:35,984 [WARN] DbBoards:152 - board STM32L552E-EV / document id not found: 4509
2020-02-02 16:18:35,984 [WARN] DbBoards:130 - board STEVAL-MKSBOX1V1 has no document id list !
2020-02-02 16:18:36,255 [ERROR] DbBoards:192 - Image file not found for board P-NUCLEO-WB55: C:\ST\STM32CubeIDE_1.1.0\STM32CubeIDE\plugins\com.st.stm32cube.common.mx_5.4.0.201910091541\\db\/plugins/mcufinder/images/boards/p-nucleo-wb55_small.jpg
2020-02-02 16:18:36,492 [ERROR] DbBoards:192 - Image file not found for board STM32G0316-DISCO: C:\ST\STM32CubeIDE_1.1.0\STM32CubeIDE\plugins\com.st.stm32cube.common.mx_5.4.0.201910091541\\db\/plugins/mcufinder/images/boards/stm32g0316discovery_small.jpg
2020-02-02 16:18:36,893 [INFO] ApiDb:158 - Load user favorites file C:\Users\parki/.stm32cubeide/favorites.boards.txt: 0 item(s)
2020-02-02 16:18:36,893 [INFO] ApiDb:163 - User favorites Boards=[]
2020-02-02 16:18:36,893 [INFO] DbBoards:209 - Set 0 / 0 favorites Boards
2020-02-02 16:18:36,900 [INFO] DbBoardsDocs:57 - Found 324 boards documents
2020-02-02 16:18:36,900 [INFO] ApiDb:186 - Save user favorites file C:\Users\parki/.stm32cubeide/favorites.boards.txt: 0 item(s)
2020-02-02 16:18:36,901 [INFO] ApiDb:191 - User favorites Boards=[]
2020-02-02 16:18:36,903 [INFO] DbBoardsPdsc:92 - Found 19 items
2020-02-02 16:18:36,905 [INFO] DbBoardsPdsc:92 - Found 9 items
2020-02-02 16:18:36,908 [INFO] DbBoardsPdsc:92 - Found 27 items
2020-02-02 16:18:36,911 [INFO] DbBoardsPdsc:92 - Found 1 items
2020-02-02 16:18:36,917 [INFO] DbBoardsPdsc:92 - Found 38 items
2020-02-02 16:18:36,924 [INFO] DbBoardsPdsc:92 - Found 38 items
2020-02-02 16:18:36,925 [INFO] DbBoardsPdsc:92 - Found 1 items
2020-02-02 16:18:36,941 [INFO] DbBoardsJson:79 - JSON generation date=Wed Jan 22 05:22:01 MST 2020 (1579695721)
2020-02-02 16:18:36,944 [INFO] DbBoards:120 - Found 134 boards (132 are supported by CubeMX)
2020-02-02 16:18:36,945 [WARN] DbBoards:130 - board NUCLEO-H743ZI2 has no document id list !
2020-02-02 16:18:36,946 [WARN] DbBoards:152 - board NUCLEO-L552ZE-Q / document id not found: 4505
2020-02-02 16:18:36,947 [WARN] DbBoards:130 - board P-NUCLEO-WB55-Nucleo has no document id list !
2020-02-02 16:18:36,948 [WARN] DbBoards:130 - board P-NUCLEO-WB55-USBDongle has no document id list !
2020-02-02 16:18:36,948 [WARN] DbBoards:130 - board STM32F401C-DISCO has no document id list !
2020-02-02 16:18:36,949 [WARN] DbBoards:130 - board STM32F769I-DISC1 has no document id list !
2020-02-02 16:18:36,949 [WARN] DbBoards:130 - board STM32L-DISCOVERY has no document id list !
2020-02-02 16:18:36,950 [WARN] DbBoards:130 - board STM32H747I-DISC1 has no document id list !
2020-02-02 16:18:36,950 [WARN] DbBoards:130 - board STM32MP157A-DK1 has no document id list !
2020-02-02 16:18:36,950 [WARN] DbBoards:152 - board STM32L562E-DK / document id not found: 4510
2020-02-02 16:18:36,951 [WARN] DbBoards:152 - board STM32L562E-DK / document id not found: 4514
2020-02-02 16:18:36,951 [WARN] DbBoards:130 - board STM32100E-EVAL has no document id list !
2020-02-02 16:18:36,951 [WARN] DbBoards:130 - board STM32303C-EVAL has no document id list !
2020-02-02 16:18:36,951 [WARN] DbBoards:130 - board STM32L152D-EVAL has no document id list !
2020-02-02 16:18:36,951 [WARN] DbBoards:130 - board STM32H743I-EVAL2 has no document id list !
2020-02-02 16:18:36,952 [WARN] DbBoards:130 - board STM32H753I-EVAL2 has no document id list !
2020-02-02 16:18:36,952 [WARN] DbBoards:130 - board STM32G474E-EVAL1 has no document id list !
2020-02-02 16:18:36,952 [WARN] DbBoards:152 - board STM32L552E-EV / document id not found: 4493
2020-02-02 16:18:36,952 [WARN] DbBoards:152 - board STM32L552E-EV / document id not found: 4509
2020-02-02 16:18:36,953 [WARN] DbBoards:130 - board STEVAL-MKSBOX1V1 has no document id list !
2020-02-02 16:18:37,137 [ERROR] DbBoards:192 - Image file not found for board P-NUCLEO-WB55: C:\ST\STM32CubeIDE_1.1.0\STM32CubeIDE\plugins\com.st.stm32cube.common.mx_5.4.0.201910091541\\db\/plugins/mcufinder/images/boards/p-nucleo-wb55_small.jpg
2020-02-02 16:18:37,265 [ERROR] DbBoards:192 - Image file not found for board STM32G0316-DISCO: C:\ST\STM32CubeIDE_1.1.0\STM32CubeIDE\plugins\com.st.stm32cube.common.mx_5.4.0.201910091541\\db\/plugins/mcufinder/images/boards/stm32g0316discovery_small.jpg
2020-02-02 16:18:37,503 [INFO] ApiDb:158 - Load user favorites file C:\Users\parki/.stm32cubeide/favorites.boards.txt: 0 item(s)
2020-02-02 16:18:37,503 [INFO] ApiDb:163 - User favorites Boards=[]
2020-02-02 16:18:37,503 [INFO] DbBoards:209 - Set 0 / 0 favorites Boards
2020-02-02 16:18:37,641 [INFO] LoadUrlFilesThread:161 - End of LoadServerUrlFiles without Thread
2020-02-02 16:18:37,647 [INFO] McuFilterPanel:282 - Update 0 favorites MCUs
2020-02-02 16:18:37,764 [INFO] LoadUrlFilesThread:161 - End of LoadServerUrlFiles without Thread
2020-02-02 16:18:37,765 [INFO] BoardDetailPanel:179 - Set advertising image to C:/Users/parki/STM32Cube/Repository/\PRSTM32MP10219-01-med.jpg
2020-02-02 16:18:37,788 [INFO] BoardFilterPanel:211 - Update 0 favorites Boards
2020-02-02 16:18:37,890 [INFO] CrossSelectorPresenter:1319 - Cross Selector saved comparison directory: C:\Users\parki\.stmcufinder\plugins\mcufinder\mcu\cs_comparisons_mx
2020-02-02 16:19:16,019 [INFO] LogOutputStream:76 - [STDOUT_REDIRECT] withoutVersionV1.24.2
2020-02-02 16:19:16,019 [INFO] LogOutputStream:76 - [STDOUT_REDIRECT] withoutVersionV1.24.1
2020-02-02 16:19:16,020 [INFO] LogOutputStream:76 - [STDOUT_REDIRECT] withoutVersionV1.24.0
2020-02-02 16:19:16,427 [INFO] LogOutputStream:76 - [STDOUT_REDIRECT] File copied successfully!!
2020-02-02 16:19:20,656 [INFO] MainUpdater:2232 - connection check result : 10
2020-02-02 16:19:20,659 [INFO] LogOutputStream:76 - [STDOUT_REDIRECT] Successfull proxy connection.
2020-02-02 16:19:20,725 [INFO] MicroXplorer:390 - Change Database Path : 
2020-02-02 16:19:20,725 [INFO] MicroXplorer:420 - Change Database Version : DB.5.0.40
2020-02-02 16:19:20,728 [INFO] PinOutPanel:1367 - setPackage(No Configuration,No Configuration)
2020-02-02 16:19:20,731 [INFO] UtilMem:74 - Begin LoadConfig() Used Memory: 271943848 Bytes (400556032)
2020-02-02 16:19:20,732 [INFO] MicroXplorer:390 - Change Database Path : 
2020-02-02 16:19:20,733 [INFO] MicroXplorer:420 - Change Database Version : DB.5.0.40
2020-02-02 16:19:20,733 [INFO] OpenFileManager:269 - Change cursor
2020-02-02 16:19:24,661 [INFO] ImportTextPane:162 - (OptionalMessage_ERROR) Unable to find key (Mcu.ThirdPartyNb) in loaded IOC file
2020-02-02 16:19:24,661 [INFO] ImportTextPane:162 - (OptionalMessage_ERROR) Unable to find key (Mcu.PinsNb) in loaded IOC file
2020-02-02 16:19:24,661 [INFO] ImportTextPane:162 - (OptionalMessage_ERROR) Unable to find key (Mcu.IPNb) in loaded IOC file
2020-02-02 16:19:25,313 [INFO] UtilMem:74 - End LoadConfig() Used Memory: 296743944 Bytes (400556032)
2020-02-02 16:19:25,324 [INFO] ThirdPartyDb:294 - Open Third Party DataBase File (C:/Users/parki/.stm32cubemx/plugins/thirdparty/db/thirdparties_db.xml) : 5 ms. number of Sw pack : 8
2020-02-02 16:19:25,366 [INFO] ThirdParty:897 - CMSIS Pack Vendor :STMicroelectronics X-CUBE-AI 5.0.0
2020-02-02 16:19:25,366 [INFO] ThirdParty:897 - CMSIS Pack Vendor :STMicroelectronics X-CUBE-BLE1 4.4.0
2020-02-02 16:19:25,366 [INFO] ThirdParty:897 - CMSIS Pack Vendor :STMicroelectronics X-CUBE-BLE2 1.0.0
2020-02-02 16:19:25,366 [INFO] ThirdParty:897 - CMSIS Pack Vendor :STMicroelectronics X-CUBE-GNSS1 4.0.0
2020-02-02 16:19:25,366 [INFO] ThirdParty:897 - CMSIS Pack Vendor :STMicroelectronics X-CUBE-NFC4 1.5.1
2020-02-02 16:19:25,366 [INFO] ThirdParty:897 - CMSIS Pack Vendor :STMicroelectronics X-CUBE-SUBG2 1.0.0
2020-02-02 16:19:25,366 [INFO] ThirdParty:897 - CMSIS Pack Vendor :STMicroelectronics X-CUBE-TOUCHGFX 4.13.0
2020-02-02 16:19:25,367 [INFO] ThirdParty:897 - CMSIS Pack Vendor :ARM CMSIS 5.6.0
2020-02-02 16:19:25,812 [INFO] PinOutPanel:1367 - setPackage(No Configuration,No Configuration)
2020-02-02 16:19:25,814 [INFO] PinOutPanel:1367 - setPackage(STM32F446ZETx,LQFP144)
2020-02-02 16:19:26,461 [INFO] UtilMem:74 - Before build in PCC Used Memory: 274594672 Bytes (400556032)
2020-02-02 16:19:26,931 [INFO] SharedServices:71 - Folder for power plug-in: C:/Users/parki/.stm32cubemx/plugins/power
2020-02-02 16:19:26,932 [INFO] UtilMem:74 - After build in PCC Used Memory: 290323312 Bytes (400556032)
2020-02-02 16:19:26,942 [INFO] BlockDiagram:1827 - stop enableDisableButtons
2020-02-02 16:19:26,942 [INFO] IPUIPlugin:63 - create IPUIPlugin
2020-02-02 16:19:26,942 [INFO] IPUIPlugin:63 - create IPUIPlugin
2020-02-02 16:19:26,942 [INFO] IPUIPlugin:63 - create IPUIPlugin
2020-02-02 16:19:26,943 [INFO] IPUIPlugin:63 - create IPUIPlugin
2020-02-02 16:19:26,943 [INFO] IPUIPlugin:63 - create IPUIPlugin
2020-02-02 16:19:26,943 [INFO] IPUIPlugin:63 - create IPUIPlugin
2020-02-02 16:19:26,943 [INFO] IPUIPlugin:63 - create IPUIPlugin
2020-02-02 16:19:26,943 [INFO] IPUIPlugin:63 - create IPUIPlugin
2020-02-02 16:19:26,943 [INFO] IPUIPlugin:63 - create IPUIPlugin
2020-02-02 16:19:26,944 [INFO] IPUIPlugin:63 - create IPUIPlugin
2020-02-02 16:19:26,944 [INFO] IPUIPlugin:63 - create IPUIPlugin
2020-02-02 16:19:26,944 [INFO] IPUIPlugin:63 - create IPUIPlugin
2020-02-02 16:19:26,944 [INFO] IPUIPlugin:63 - create IPUIPlugin
2020-02-02 16:19:26,944 [INFO] IPUIPlugin:63 - create IPUIPlugin
2020-02-02 16:19:26,944 [INFO] IPUIPlugin:63 - create IPUIPlugin
2020-02-02 16:19:26,944 [INFO] IPUIPlugin:63 - create IPUIPlugin
2020-02-02 16:19:26,944 [INFO] IPUIPlugin:63 - create IPUIPlugin
2020-02-02 16:19:26,945 [INFO] IPUIPlugin:63 - create IPUIPlugin
2020-02-02 16:19:26,945 [INFO] IPUIPlugin:63 - create IPUIPlugin
2020-02-02 16:19:26,945 [INFO] IPUIPlugin:63 - create IPUIPlugin
2020-02-02 16:19:26,945 [INFO] IPUIPlugin:63 - create IPUIPlugin
2020-02-02 16:19:26,945 [INFO] IPUIPlugin:63 - create IPUIPlugin
2020-02-02 16:19:26,945 [INFO] IPUIPlugin:63 - create IPUIPlugin
2020-02-02 16:19:26,945 [INFO] IPUIPlugin:63 - create IPUIPlugin
2020-02-02 16:19:26,945 [INFO] IPUIPlugin:63 - create IPUIPlugin
2020-02-02 16:19:26,946 [INFO] IPUIPlugin:63 - create IPUIPlugin
2020-02-02 16:19:26,946 [INFO] IPUIPlugin:63 - create IPUIPlugin
2020-02-02 16:19:26,946 [INFO] IPUIPlugin:63 - create IPUIPlugin
2020-02-02 16:19:26,946 [INFO] IPUIPlugin:63 - create IPUIPlugin
2020-02-02 16:19:26,946 [INFO] IPUIPlugin:63 - create IPUIPlugin
2020-02-02 16:19:26,946 [INFO] IPUIPlugin:63 - create IPUIPlugin
2020-02-02 16:19:26,947 [INFO] IPUIPlugin:63 - create IPUIPlugin
2020-02-02 16:19:26,947 [INFO] IPUIPlugin:63 - create IPUIPlugin
2020-02-02 16:19:26,947 [INFO] IPUIPlugin:63 - create IPUIPlugin
2020-02-02 16:19:26,947 [INFO] IPUIPlugin:63 - create IPUIPlugin
2020-02-02 16:19:26,947 [INFO] IPUIPlugin:63 - create IPUIPlugin
2020-02-02 16:19:26,947 [INFO] IPUIPlugin:63 - create IPUIPlugin
2020-02-02 16:19:26,947 [INFO] IPUIPlugin:63 - create IPUIPlugin
2020-02-02 16:19:26,947 [INFO] IPUIPlugin:63 - create IPUIPlugin
2020-02-02 16:19:26,948 [INFO] IPUIPlugin:63 - create IPUIPlugin
2020-02-02 16:19:26,948 [INFO] IPUIPlugin:63 - create IPUIPlugin
2020-02-02 16:19:26,948 [INFO] IPUIPlugin:63 - create IPUIPlugin
2020-02-02 16:19:26,948 [INFO] IPUIPlugin:63 - create IPUIPlugin
2020-02-02 16:19:26,948 [INFO] IPUIPlugin:63 - create IPUIPlugin
2020-02-02 16:19:26,949 [INFO] IPUIPlugin:63 - create IPUIPlugin
2020-02-02 16:19:26,949 [INFO] IPUIPlugin:63 - create IPUIPlugin
2020-02-02 16:19:26,949 [INFO] IPUIPlugin:63 - create IPUIPlugin
2020-02-02 16:19:26,949 [INFO] IPUIPlugin:63 - create IPUIPlugin
2020-02-02 16:19:26,949 [INFO] IPUIPlugin:63 - create IPUIPlugin
2020-02-02 16:19:26,949 [INFO] IPUIPlugin:63 - create IPUIPlugin
2020-02-02 16:19:26,949 [INFO] IPUIPlugin:63 - create IPUIPlugin
2020-02-02 16:19:26,950 [INFO] IPUIPlugin:63 - create IPUIPlugin
2020-02-02 16:19:26,950 [INFO] IPUIPlugin:63 - create IPUIPlugin
2020-02-02 16:19:26,950 [INFO] IPUIPlugin:63 - create IPUIPlugin
2020-02-02 16:19:26,950 [INFO] IPUIPlugin:63 - create IPUIPlugin
2020-02-02 16:19:26,950 [INFO] IPUIPlugin:63 - create IPUIPlugin
2020-02-02 16:19:26,950 [INFO] IPUIPlugin:63 - create IPUIPlugin
2020-02-02 16:19:26,950 [INFO] IPUIPlugin:63 - create IPUIPlugin
2020-02-02 16:19:26,951 [INFO] IPUIPlugin:63 - create IPUIPlugin
2020-02-02 16:19:26,951 [INFO] IPUIPlugin:63 - create IPUIPlugin
2020-02-02 16:19:26,952 [INFO] IPUIPlugin:63 - create IPUIPlugin
2020-02-02 16:19:26,953 [INFO] IPUIPlugin:63 - create IPUIPlugin
2020-02-02 16:19:26,953 [INFO] IPUIPlugin:63 - create IPUIPlugin
2020-02-02 16:19:26,954 [INFO] IPUIPlugin:63 - create IPUIPlugin
2020-02-02 16:19:26,963 [INFO] BlockDiagram:1827 - stop enableDisableButtons
2020-02-02 16:19:26,986 [INFO] LogOutputStream:76 - [STDOUT_REDIRECT] toolchainItems.length=====1
2020-02-02 16:19:27,092 [INFO] OpenFileManager:289 - Restore cursor
2020-02-02 16:19:27,202 [INFO] BlockDiagram:1827 - stop enableDisableButtons
2020-02-02 16:19:27,251 [INFO] BlockDiagram:1827 - stop enableDisableButtons
2020-02-02 16:19:27,454 [INFO] UtilMem:74 - End SaveConfig() Used Memory: 259885352 Bytes (400556032)
2020-02-02 16:19:27,511 [INFO] UtilMem:74 - End SaveConfig() Used Memory: 264403688 Bytes (400556032)
2020-02-02 16:19:28,094 [INFO] BlockDiagram:1871 - set Specific Code input for plugin: SYS
2020-02-02 16:19:28,094 [INFO] BlockDiagram:1871 - set Specific Code input for plugin: NVIC
2020-02-02 16:19:28,096 [INFO] CodeGenerator:598 - code generatio: config db path: C:\ST\STM32CubeIDE_1.1.0\STM32CubeIDE\plugins\com.st.stm32cube.common.mx_5.4.0.201910091541\\db\
2020-02-02 16:19:28,719 [INFO] CodeEngine:193 - oldGeneratedFile, C:\Users\parki\Documents\GitHub\SRDAQ_Firmware\Firmware\MXTmpFiles\license.tmp_save
2020-02-02 16:19:29,199 [INFO] CodeEngine:211 - Generated code: C:\Users\parki\Documents\GitHub\SRDAQ_Firmware\Firmware\MXTmpFiles\license.tmp
2020-02-02 16:19:29,399 [INFO] LogOutputStream:76 - [STDOUT_REDIRECT] Command line
2020-02-02 16:19:29,400 [INFO] LogOutputStream:76 - [STDOUT_REDIRECT] Debug : prepare data for SYS
2020-02-02 16:19:29,401 [INFO] LogOutputStream:76 - [STDOUT_REDIRECT] Command line test
2020-02-02 16:19:29,407 [INFO] LogOutputStream:76 - [STDOUT_REDIRECT] Debug : prepare data for NVIC
2020-02-02 16:19:29,407 [INFO] LogOutputStream:76 - [STDOUT_REDIRECT] Command line test
2020-02-02 16:19:29,459 [INFO] CodeEngine:193 - oldGeneratedFile, C:\Users\parki\Documents\GitHub\SRDAQ_Firmware\Firmware\Core\Src\stm32f4xx_it.c_save
2020-02-02 16:19:29,692 [INFO] CodeEngine:211 - Generated code: C:\Users\parki\Documents\GitHub\SRDAQ_Firmware\Firmware\Core\Src\stm32f4xx_it.c
2020-02-02 16:19:29,743 [INFO] CodeEngine:193 - oldGeneratedFile, C:\Users\parki\Documents\GitHub\SRDAQ_Firmware\Firmware\Core\Inc\stm32f4xx_it.h_save
2020-02-02 16:19:29,891 [INFO] CodeEngine:211 - Generated code: C:\Users\parki\Documents\GitHub\SRDAQ_Firmware\Firmware\Core\Inc\stm32f4xx_it.h
2020-02-02 16:19:29,956 [INFO] CodeEngine:193 - oldGeneratedFile, C:\Users\parki\Documents\GitHub\SRDAQ_Firmware\Firmware\Core\Src\stm32f4xx_hal_msp.c_save
2020-02-02 16:19:30,192 [INFO] CodeEngine:211 - Generated code: C:\Users\parki\Documents\GitHub\SRDAQ_Firmware\Firmware\Core\Src\stm32f4xx_hal_msp.c
2020-02-02 16:19:30,247 [INFO] CodeEngine:193 - oldGeneratedFile, C:\Users\parki\Documents\GitHub\SRDAQ_Firmware\Firmware\MXTmpFiles\system.tmp_save
2020-02-02 16:19:30,415 [INFO] CodeEngine:211 - Generated code: C:\Users\parki\Documents\GitHub\SRDAQ_Firmware\Firmware\MXTmpFiles\system.tmp
2020-02-02 16:19:30,476 [INFO] CodeEngine:193 - oldGeneratedFile, C:\Users\parki\Documents\GitHub\SRDAQ_Firmware\Firmware\Core\Inc\stm32f4xx_hal_conf.h_save
2020-02-02 16:19:30,611 [INFO] CodeEngine:211 - Generated code: C:\Users\parki\Documents\GitHub\SRDAQ_Firmware\Firmware\Core\Inc\stm32f4xx_hal_conf.h
2020-02-02 16:19:30,712 [INFO] CodeEngine:193 - oldGeneratedFile, C:\Users\parki\Documents\GitHub\SRDAQ_Firmware\Firmware\Core\Inc\main.h_save
2020-02-02 16:19:30,862 [INFO] CodeEngine:211 - Generated code: C:\Users\parki\Documents\GitHub\SRDAQ_Firmware\Firmware\Core\Inc\main.h
2020-02-02 16:19:30,912 [INFO] CodeEngine:193 - oldGeneratedFile, C:\Users\parki\Documents\GitHub\SRDAQ_Firmware\Firmware\Core\Src\main.c_save
2020-02-02 16:19:31,116 [INFO] CodeEngine:211 - Generated code: C:\Users\parki\Documents\GitHub\SRDAQ_Firmware\Firmware\Core\Src\main.c
2020-02-02 16:19:32,627 [INFO] ProjectBuilder:1645 - Time for Copy HAL[1] : 617mS.
2020-02-02 16:19:32,636 [INFO] ProjectBuilder:2206 - Project Generator version: 3.5.2
2020-02-02 16:19:33,141 [INFO] ConfigFileManager:953 - The Die is : DIE421
2020-02-02 16:19:45,082 [INFO] ProjectBuilder:2373 - Time for Generating toolchain IDE Files: 12446mS.
2020-02-02 16:19:45,084 [INFO] ProjectBuilder:1505 - Time for Copy CMSIS : 1mS.
2020-02-02 16:19:45,088 [INFO] ProjectBuilder:1505 - Time for Copy CMSIS : 0mS.
2020-02-02 16:33:47,819 [INFO] BlockDiagram:1827 - stop enableDisableButtons
2020-02-02 16:33:50,593 [INFO] BlockDiagram:1827 - stop enableDisableButtons
2020-02-02 16:33:50,632 [INFO] BlockDiagram:1827 - stop enableDisableButtons
2020-02-02 16:33:50,739 [INFO] BlockDiagram:1827 - stop enableDisableButtons
2020-02-02 16:34:41,252 [INFO] BlockDiagram:1827 - stop enableDisableButtons
2020-02-02 16:34:45,574 [INFO] BlockDiagram:1827 - stop enableDisableButtons
2020-02-02 16:34:45,669 [INFO] BlockDiagram:1827 - stop enableDisableButtons
2020-02-02 16:34:51,126 [INFO] BlockDiagram:1827 - stop enableDisableButtons
2020-02-02 16:34:53,426 [INFO] BlockDiagram:1827 - stop enableDisableButtons
2020-02-02 16:34:53,511 [INFO] BlockDiagram:1827 - stop enableDisableButtons
2020-02-02 16:35:14,662 [INFO] BlockDiagram:1827 - stop enableDisableButtons
2020-02-02 16:35:18,016 [INFO] BlockDiagram:1827 - stop enableDisableButtons
2020-02-02 16:35:18,027 [INFO] BlockDiagram:1827 - stop enableDisableButtons
2020-02-02 16:35:21,693 [INFO] BlockDiagram:1827 - stop enableDisableButtons
2020-02-02 16:35:25,686 [INFO] BlockDiagram:1827 - stop enableDisableButtons
2020-02-02 16:35:25,742 [INFO] BlockDiagram:1827 - stop enableDisableButtons
2020-02-02 16:35:38,845 [INFO] LogOutputStream:76 - [STDOUT_REDIRECT] Tab changed to: Clock Configuration
2020-02-02 16:35:46,356 [INFO] BlockDiagram:1827 - stop enableDisableButtons
2020-02-02 16:35:53,351 [INFO] BlockDiagram:1827 - stop enableDisableButtons
2020-02-02 16:35:55,799 [INFO] BlockDiagram:1827 - stop enableDisableButtons
2020-02-02 16:35:58,746 [INFO] BlockDiagram:1827 - stop enableDisableButtons
2020-02-02 16:36:22,952 [INFO] LogOutputStream:76 - [STDOUT_REDIRECT] Tab changed to: Pinout & Configuration
2020-02-02 16:36:24,847 [INFO] BlockDiagram:1827 - stop enableDisableButtons
2020-02-02 16:37:03,874 [INFO] BlockDiagram:1827 - stop enableDisableButtons
2020-02-02 16:37:09,345 [INFO] BlockDiagram:1827 - stop enableDisableButtons
2020-02-02 16:37:09,439 [INFO] BlockDiagram:1827 - stop enableDisableButtons
2020-02-02 16:37:16,255 [INFO] BlockDiagram:1827 - stop enableDisableButtons
2020-02-02 16:37:20,683 [INFO] BlockDiagram:1827 - stop enableDisableButtons
2020-02-02 16:37:36,763 [INFO] UtilMem:74 - End SaveConfig() Used Memory: 688754368 Bytes (1073741824)
2020-02-02 16:37:38,253 [INFO] UtilMem:74 - End SaveConfig() Used Memory: 696094400 Bytes (1073741824)
2020-02-02 16:37:38,482 [INFO] UtilMem:74 - End SaveConfig() Used Memory: 712873664 Bytes (1073741824)
2020-02-02 16:37:38,645 [INFO] ProjectBuilder:1282 - IP not ready for code generation: Clock
2020-02-02 16:37:50,460 [INFO] LogOutputStream:76 - [STDOUT_REDIRECT] Tab changed to: Clock Configuration
2020-02-02 16:37:50,603 [INFO] BlockDiagram:1827 - stop enableDisableButtons
2020-02-02 16:37:55,335 [INFO] BlockDiagram:1827 - stop enableDisableButtons
2020-02-02 16:38:07,549 [INFO] LogOutputStream:76 - [STDOUT_REDIRECT] Tab changed to: Pinout & Configuration
2020-02-02 16:38:31,171 [INFO] UtilMem:74 - End SaveConfig() Used Memory: 398644440 Bytes (1073741824)
2020-02-02 16:38:32,522 [INFO] UtilMem:74 - End SaveConfig() Used Memory: 406373264 Bytes (1073741824)
2020-02-02 16:38:32,782 [INFO] UtilMem:74 - End SaveConfig() Used Memory: 422761688 Bytes (1073741824)
2020-02-02 16:38:32,925 [INFO] BlockDiagram:1871 - set Specific Code input for plugin: SPI
2020-02-02 16:38:32,925 [INFO] BlockDiagram:1871 - set Specific Code input for plugin: SYS
2020-02-02 16:38:32,925 [INFO] BlockDiagram:1871 - set Specific Code input for plugin: RCC
2020-02-02 16:38:32,925 [INFO] BlockDiagram:1871 - set Specific Code input for plugin: NVIC
2020-02-02 16:38:32,925 [INFO] BlockDiagram:1871 - set Specific Code input for plugin: USART
2020-02-02 16:38:32,925 [INFO] BlockDiagram:1871 - set Specific Code input for plugin: GPIO
2020-02-02 16:38:32,925 [INFO] BlockDiagram:1871 - set Specific Code input for plugin: FATFS
2020-02-02 16:38:32,926 [INFO] CodeGenerator:598 - code generatio: config db path: C:\ST\STM32CubeIDE_1.1.0\STM32CubeIDE\plugins\com.st.stm32cube.common.mx_5.4.0.201910091541\\db\
2020-02-02 16:38:33,264 [INFO] CodeEngine:193 - oldGeneratedFile, C:\Users\parki\Documents\GitHub\SRDAQ_Firmware\Firmware\MXTmpFiles\license.tmp_save
2020-02-02 16:38:33,358 [INFO] CodeEngine:211 - Generated code: C:\Users\parki\Documents\GitHub\SRDAQ_Firmware\Firmware\MXTmpFiles\license.tmp
2020-02-02 16:38:33,453 [INFO] CodeEngine:193 - oldGeneratedFile, C:\Users\parki\Documents\GitHub\SRDAQ_Firmware\Firmware\MXTmpFiles\gpio.tmp_save
2020-02-02 16:38:33,563 [INFO] CodeEngine:211 - Generated code: C:\Users\parki\Documents\GitHub\SRDAQ_Firmware\Firmware\MXTmpFiles\gpio.tmp
2020-02-02 16:38:33,742 [INFO] LogOutputStream:76 - [STDOUT_REDIRECT] Command line
2020-02-02 16:38:33,765 [INFO] ApiDbMcu:445 - Load IP Config File for FATFS
2020-02-02 16:38:33,782 [INFO] Middleware:1071 - No code input for Bsp Dependency
2020-02-02 16:38:33,892 [INFO] CodeEngine:193 - oldGeneratedFile, C:\Users\parki\Documents\GitHub\SRDAQ_Firmware\Firmware\MXTmpFiles\fatfs_HalInit.tmp_save
2020-02-02 16:38:33,978 [INFO] CodeEngine:211 - Generated code: C:\Users\parki\Documents\GitHub\SRDAQ_Firmware\Firmware\MXTmpFiles\fatfs_HalInit.tmp
2020-02-02 16:38:34,013 [INFO] CodeEngine:193 - oldGeneratedFile, C:\Users\parki\Documents\GitHub\SRDAQ_Firmware\Firmware\MXTmpFiles\fatfs_vars.tmp_save
2020-02-02 16:38:34,087 [INFO] CodeEngine:211 - Generated code: C:\Users\parki\Documents\GitHub\SRDAQ_Firmware\Firmware\MXTmpFiles\fatfs_vars.tmp
2020-02-02 16:38:34,123 [INFO] CodeEngine:193 - oldGeneratedFile, C:\Users\parki\Documents\GitHub\SRDAQ_Firmware\Firmware\MXTmpFiles\fatfs_ext_vars.tmp_save
2020-02-02 16:38:34,208 [INFO] CodeEngine:211 - Generated code: C:\Users\parki\Documents\GitHub\SRDAQ_Firmware\Firmware\MXTmpFiles\fatfs_ext_vars.tmp
2020-02-02 16:38:34,240 [INFO] CodeEngine:193 - oldGeneratedFile, C:\Users\parki\Documents\GitHub\SRDAQ_Firmware\Firmware\MXTmpFiles\fatfs_inc.tmp_save
2020-02-02 16:38:34,311 [INFO] CodeEngine:211 - Generated code: C:\Users\parki\Documents\GitHub\SRDAQ_Firmware\Firmware\MXTmpFiles\fatfs_inc.tmp
2020-02-02 16:38:34,345 [INFO] CodeEngine:193 - oldGeneratedFile, C:\Users\parki\Documents\GitHub\SRDAQ_Firmware\Firmware\FATFS\Target\ffconf.h_save
2020-02-02 16:38:34,465 [INFO] CodeEngine:211 - Generated code: C:\Users\parki\Documents\GitHub\SRDAQ_Firmware\Firmware\FATFS\Target\ffconf.h
2020-02-02 16:38:34,517 [INFO] CodeEngine:193 - oldGeneratedFile, C:\Users\parki\Documents\GitHub\SRDAQ_Firmware\Firmware\FATFS\Target\user_diskio.c_save
2020-02-02 16:38:34,602 [INFO] CodeEngine:211 - Generated code: C:\Users\parki\Documents\GitHub\SRDAQ_Firmware\Firmware\FATFS\Target\user_diskio.c
2020-02-02 16:38:34,628 [INFO] CodeEngine:193 - oldGeneratedFile, C:\Users\parki\Documents\GitHub\SRDAQ_Firmware\Firmware\FATFS\Target\user_diskio.h_save
2020-02-02 16:38:34,689 [INFO] CodeEngine:211 - Generated code: C:\Users\parki\Documents\GitHub\SRDAQ_Firmware\Firmware\FATFS\Target\user_diskio.h
2020-02-02 16:38:34,723 [INFO] CodeEngine:193 - oldGeneratedFile, C:\Users\parki\Documents\GitHub\SRDAQ_Firmware\Firmware\FATFS\App\fatfs.c_save
2020-02-02 16:38:34,797 [INFO] CodeEngine:211 - Generated code: C:\Users\parki\Documents\GitHub\SRDAQ_Firmware\Firmware\FATFS\App\fatfs.c
2020-02-02 16:38:34,829 [INFO] CodeEngine:193 - oldGeneratedFile, C:\Users\parki\Documents\GitHub\SRDAQ_Firmware\Firmware\FATFS\App\fatfs.h_save
2020-02-02 16:38:34,905 [INFO] CodeEngine:211 - Generated code: C:\Users\parki\Documents\GitHub\SRDAQ_Firmware\Firmware\FATFS\App\fatfs.h
2020-02-02 16:38:34,907 [INFO] LogOutputStream:76 - [STDOUT_REDIRECT] Command line
2020-02-02 16:38:34,909 [INFO] LogOutputStream:76 - [STDOUT_REDIRECT] Debug : prepare data for SPI
2020-02-02 16:38:34,909 [INFO] LogOutputStream:76 - [STDOUT_REDIRECT] Command line test
2020-02-02 16:38:34,910 [INFO] LogOutputStream:76 - [STDOUT_REDIRECT] Command line
2020-02-02 16:38:34,911 [INFO] LogOutputStream:76 - [STDOUT_REDIRECT] Debug : prepare data for SYS
2020-02-02 16:38:34,912 [INFO] LogOutputStream:76 - [STDOUT_REDIRECT] Command line test
2020-02-02 16:38:34,913 [INFO] LogOutputStream:76 - [STDOUT_REDIRECT] Command line
2020-02-02 16:38:34,914 [INFO] LogOutputStream:76 - [STDOUT_REDIRECT] Debug : prepare data for USART
2020-02-02 16:38:34,914 [INFO] LogOutputStream:76 - [STDOUT_REDIRECT] Command line test
2020-02-02 16:38:34,916 [INFO] LogOutputStream:76 - [STDOUT_REDIRECT] Debug : prepare data for NVIC
2020-02-02 16:38:34,917 [INFO] LogOutputStream:76 - [STDOUT_REDIRECT] Command line test
2020-02-02 16:38:34,959 [INFO] CodeEngine:193 - oldGeneratedFile, C:\Users\parki\Documents\GitHub\SRDAQ_Firmware\Firmware\Core\Src\stm32f4xx_it.c_save
2020-02-02 16:38:35,062 [INFO] CodeEngine:211 - Generated code: C:\Users\parki\Documents\GitHub\SRDAQ_Firmware\Firmware\Core\Src\stm32f4xx_it.c
2020-02-02 16:38:35,093 [INFO] CodeEngine:193 - oldGeneratedFile, C:\Users\parki\Documents\GitHub\SRDAQ_Firmware\Firmware\Core\Inc\stm32f4xx_it.h_save
2020-02-02 16:38:35,165 [INFO] CodeEngine:211 - Generated code: C:\Users\parki\Documents\GitHub\SRDAQ_Firmware\Firmware\Core\Inc\stm32f4xx_it.h
2020-02-02 16:38:35,209 [INFO] CodeEngine:193 - oldGeneratedFile, C:\Users\parki\Documents\GitHub\SRDAQ_Firmware\Firmware\Core\Src\stm32f4xx_hal_msp.c_save
2020-02-02 16:38:35,328 [INFO] CodeEngine:211 - Generated code: C:\Users\parki\Documents\GitHub\SRDAQ_Firmware\Firmware\Core\Src\stm32f4xx_hal_msp.c
2020-02-02 16:38:35,349 [INFO] CodeEngine:193 - oldGeneratedFile, C:\Users\parki\Documents\GitHub\SRDAQ_Firmware\Firmware\MXTmpFiles\system.tmp_save
2020-02-02 16:38:35,408 [INFO] CodeEngine:211 - Generated code: C:\Users\parki\Documents\GitHub\SRDAQ_Firmware\Firmware\MXTmpFiles\system.tmp
2020-02-02 16:38:35,448 [INFO] CodeEngine:193 - oldGeneratedFile, C:\Users\parki\Documents\GitHub\SRDAQ_Firmware\Firmware\Core\Inc\stm32f4xx_hal_conf.h_save
2020-02-02 16:38:35,540 [INFO] CodeEngine:211 - Generated code: C:\Users\parki\Documents\GitHub\SRDAQ_Firmware\Firmware\Core\Inc\stm32f4xx_hal_conf.h
2020-02-02 16:38:35,558 [WARN] IPConfigManager:2673 - IP not found : gpio
2020-02-02 16:38:35,559 [WARN] CodeGenerator:2697 - IP not found : gpio
2020-02-02 16:38:35,596 [INFO] CodeEngine:193 - oldGeneratedFile, C:\Users\parki\Documents\GitHub\SRDAQ_Firmware\Firmware\Core\Inc\main.h_save
2020-02-02 16:38:35,694 [INFO] CodeEngine:211 - Generated code: C:\Users\parki\Documents\GitHub\SRDAQ_Firmware\Firmware\Core\Inc\main.h
2020-02-02 16:38:35,732 [INFO] CodeEngine:193 - oldGeneratedFile, C:\Users\parki\Documents\GitHub\SRDAQ_Firmware\Firmware\Core\Src\main.c_save
2020-02-02 16:38:35,866 [INFO] CodeEngine:211 - Generated code: C:\Users\parki\Documents\GitHub\SRDAQ_Firmware\Firmware\Core\Src\main.c
2020-02-02 16:38:37,209 [INFO] ProjectBuilder:1645 - Time for Copy HAL[1] : 762mS.
2020-02-02 16:38:37,211 [INFO] ProjectBuilder:2206 - Project Generator version: 3.5.2
2020-02-02 16:38:37,445 [INFO] ConfigFileManager:953 - The Die is : DIE421
2020-02-02 16:38:40,651 [INFO] ProjectBuilder:2373 - Time for Generating toolchain IDE Files: 3440mS.
2020-02-02 16:38:40,654 [INFO] ProjectBuilder:1505 - Time for Copy CMSIS : 3mS.
2020-02-02 16:38:40,660 [INFO] ProjectBuilder:1505 - Time for Copy CMSIS : 0mS.
2020-02-02 17:22:30,030 [INFO] BlockDiagram:1827 - stop enableDisableButtons
2020-02-02 17:44:12,655 [INFO] Activator:176 - 


2020-02-02 17:44:12,659 [INFO] Activator:177 - !SESSION log4j initialized
2020-02-02 17:44:21,084 [INFO] ApplicationProperties:181 - Using Application install path: C:\ST\STM32CubeIDE_1.1.0\STM32CubeIDE\plugins\com.st.stm32cube.common.mx_5.4.0.201910091541
2020-02-02 17:44:21,109 [INFO] DbMcusXml:68 - Set database path to: C:\ST\STM32CubeIDE_1.1.0\STM32CubeIDE\plugins\com.st.stm32cube.common.mx_5.4.0.201910091541\\db\/mcu/
2020-02-02 17:44:21,114 [INFO] DbBoardsPdsc:54 - Set plugin database path to: C:\ST\STM32CubeIDE_1.1.0\STM32CubeIDE\plugins\com.st.stm32cube.common.mx_5.4.0.201910091541\\db\/plugins/boardmanager/
2020-02-02 17:44:21,115 [INFO] DbMcus:265 - Set plugin images path to: C:\ST\STM32CubeIDE_1.1.0\STM32CubeIDE\plugins\com.st.stm32cube.common.mx_5.4.0.201910091541\\db\/plugins/mcufinder/images/
2020-02-02 17:44:21,115 [INFO] DbBoards:232 - Set plugin images path to: C:\ST\STM32CubeIDE_1.1.0\STM32CubeIDE\plugins\com.st.stm32cube.common.mx_5.4.0.201910091541\\db\/plugins/mcufinder/images/
2020-02-02 17:44:21,118 [INFO] APIGFXSelector:72 - Set database path to: C:\ST\STM32CubeIDE_1.1.0\STM32CubeIDE\plugins\com.st.stm32cube.common.mx_5.4.0.201910091541\\db\/plugins/mcufinder/mcu/
2020-02-02 17:44:21,125 [INFO] DbMcusAds:72 - Set database path to: C:\Users\parki\.stmcufinder\plugins\mcufinder//mcu/
2020-02-02 17:44:21,126 [INFO] DbMcusDocs:92 - Set database path to: C:\Users\parki\.stmcufinder\plugins\mcufinder//mcu/
2020-02-02 17:44:21,128 [INFO] DbMcusJson:59 - Set database path to: C:\Users\parki\.stmcufinder\plugins\mcufinder//mcu/
2020-02-02 17:44:21,128 [INFO] DbBoardsDocs:84 - Set database path to: C:\Users\parki\.stmcufinder\plugins\mcufinder//mcu/
2020-02-02 17:44:21,130 [INFO] DbBoardsJson:51 - Set database path to: C:\Users\parki\.stmcufinder\plugins\mcufinder//mcu/
2020-02-02 17:44:21,139 [INFO] CrossReferenceDbSqlite:197 - Set database path to: C:\Users\parki\.stmcufinder\plugins\mcufinder//mcu/cs/
2020-02-02 17:44:21,253 [INFO] RulesReader:52 - Compatibility file has been processed (179 Rules)
2020-02-02 17:44:21,395 [INFO] MicroXplorer:570 - Detected Java Version = 1.8.0_202
2020-02-02 17:44:21,396 [INFO] DbMcusXml:68 - Set database path to: C:\ST\STM32CubeIDE_1.1.0\STM32CubeIDE\plugins\com.st.stm32cube.common.mx_5.4.0.201910091541\\db\/mcu/
2020-02-02 17:44:21,396 [INFO] DbBoardsPdsc:54 - Set plugin database path to: C:\ST\STM32CubeIDE_1.1.0\STM32CubeIDE\plugins\com.st.stm32cube.common.mx_5.4.0.201910091541\\db\/plugins/boardmanager/
2020-02-02 17:44:21,397 [INFO] DbMcus:265 - Set plugin images path to: C:\ST\STM32CubeIDE_1.1.0\STM32CubeIDE\plugins\com.st.stm32cube.common.mx_5.4.0.201910091541\\db\/plugins/mcufinder/images/
2020-02-02 17:44:21,397 [INFO] DbBoards:232 - Set plugin images path to: C:\ST\STM32CubeIDE_1.1.0\STM32CubeIDE\plugins\com.st.stm32cube.common.mx_5.4.0.201910091541\\db\/plugins/mcufinder/images/
2020-02-02 17:44:21,397 [INFO] APIGFXSelector:72 - Set database path to: C:\ST\STM32CubeIDE_1.1.0\STM32CubeIDE\plugins\com.st.stm32cube.common.mx_5.4.0.201910091541\\db\/plugins/mcufinder/mcu/
2020-02-02 17:44:21,397 [WARN] DbFile:31 - Overriding database path with different value: C:\Users\parki\.stmcufinder\plugins\mcufinder/ => C:\Users\parki\.stmcufinder\plugins\mcufinder
2020-02-02 17:44:21,398 [INFO] DbMcusAds:72 - Set database path to: C:\Users\parki\.stmcufinder\plugins\mcufinder//mcu/
2020-02-02 17:44:21,398 [WARN] DbFile:31 - Overriding database path with different value: C:\Users\parki\.stmcufinder\plugins\mcufinder/ => C:\Users\parki\.stmcufinder\plugins\mcufinder
2020-02-02 17:44:21,398 [INFO] DbMcusDocs:92 - Set database path to: C:\Users\parki\.stmcufinder\plugins\mcufinder//mcu/
2020-02-02 17:44:21,398 [WARN] DbFile:31 - Overriding database path with different value: C:\Users\parki\.stmcufinder\plugins\mcufinder/ => C:\Users\parki\.stmcufinder\plugins\mcufinder
2020-02-02 17:44:21,398 [INFO] DbMcusJson:59 - Set database path to: C:\Users\parki\.stmcufinder\plugins\mcufinder//mcu/
2020-02-02 17:44:21,398 [WARN] DbFile:31 - Overriding database path with different value: C:\Users\parki\.stmcufinder\plugins\mcufinder/ => C:\Users\parki\.stmcufinder\plugins\mcufinder
2020-02-02 17:44:21,399 [INFO] DbBoardsDocs:84 - Set database path to: C:\Users\parki\.stmcufinder\plugins\mcufinder//mcu/
2020-02-02 17:44:21,399 [WARN] DbFile:31 - Overriding database path with different value: C:\Users\parki\.stmcufinder\plugins\mcufinder/ => C:\Users\parki\.stmcufinder\plugins\mcufinder
2020-02-02 17:44:21,399 [INFO] DbBoardsJson:51 - Set database path to: C:\Users\parki\.stmcufinder\plugins\mcufinder//mcu/
2020-02-02 17:44:21,399 [WARN] DbFile:31 - Overriding database path with different value: C:\Users\parki\.stmcufinder\plugins\mcufinder/ => C:\Users\parki\.stmcufinder\plugins\mcufinder
2020-02-02 17:44:21,399 [WARN] DbFile:31 - Overriding database path with different value: C:\Users\parki\.stmcufinder\plugins\mcufinder/ => C:\Users\parki\.stmcufinder\plugins\mcufinder
2020-02-02 17:44:21,399 [INFO] CrossReferenceDbSqlite:197 - Set database path to: C:\Users\parki\.stmcufinder\plugins\mcufinder//mcu/cs/
2020-02-02 17:44:21,497 [INFO] MainPanel:185 - HeapMemory: 277872640
2020-02-02 17:44:21,602 [INFO] DbMcusXml:68 - Set database path to: C:\ST\STM32CubeIDE_1.1.0\STM32CubeIDE\plugins\com.st.stm32cube.common.mx_5.4.0.201910091541\\db\/mcu/
2020-02-02 17:44:21,602 [INFO] DbBoardsPdsc:54 - Set plugin database path to: C:\ST\STM32CubeIDE_1.1.0\STM32CubeIDE\plugins\com.st.stm32cube.common.mx_5.4.0.201910091541\\db\/plugins/boardmanager/
2020-02-02 17:44:21,603 [INFO] DbMcus:265 - Set plugin images path to: C:\ST\STM32CubeIDE_1.1.0\STM32CubeIDE\plugins\com.st.stm32cube.common.mx_5.4.0.201910091541\\db\/plugins/mcufinder/images/
2020-02-02 17:44:21,603 [INFO] DbBoards:232 - Set plugin images path to: C:\ST\STM32CubeIDE_1.1.0\STM32CubeIDE\plugins\com.st.stm32cube.common.mx_5.4.0.201910091541\\db\/plugins/mcufinder/images/
2020-02-02 17:44:21,603 [INFO] APIGFXSelector:72 - Set database path to: C:\ST\STM32CubeIDE_1.1.0\STM32CubeIDE\plugins\com.st.stm32cube.common.mx_5.4.0.201910091541\\db\/plugins/mcufinder/mcu/
2020-02-02 17:44:21,604 [WARN] DbFile:31 - Overriding database path with different value: C:\Users\parki\.stmcufinder\plugins\mcufinder/ => C:\Users\parki\.stmcufinder\plugins\mcufinder
2020-02-02 17:44:21,604 [INFO] DbMcusAds:72 - Set database path to: C:\Users\parki\.stmcufinder\plugins\mcufinder//mcu/
2020-02-02 17:44:21,604 [WARN] DbFile:31 - Overriding database path with different value: C:\Users\parki\.stmcufinder\plugins\mcufinder/ => C:\Users\parki\.stmcufinder\plugins\mcufinder
2020-02-02 17:44:21,604 [INFO] DbMcusDocs:92 - Set database path to: C:\Users\parki\.stmcufinder\plugins\mcufinder//mcu/
2020-02-02 17:44:21,604 [WARN] DbFile:31 - Overriding database path with different value: C:\Users\parki\.stmcufinder\plugins\mcufinder/ => C:\Users\parki\.stmcufinder\plugins\mcufinder
2020-02-02 17:44:21,604 [INFO] DbMcusJson:59 - Set database path to: C:\Users\parki\.stmcufinder\plugins\mcufinder//mcu/
2020-02-02 17:44:21,605 [WARN] DbFile:31 - Overriding database path with different value: C:\Users\parki\.stmcufinder\plugins\mcufinder/ => C:\Users\parki\.stmcufinder\plugins\mcufinder
2020-02-02 17:44:21,605 [INFO] DbBoardsDocs:84 - Set database path to: C:\Users\parki\.stmcufinder\plugins\mcufinder//mcu/
2020-02-02 17:44:21,605 [WARN] DbFile:31 - Overriding database path with different value: C:\Users\parki\.stmcufinder\plugins\mcufinder/ => C:\Users\parki\.stmcufinder\plugins\mcufinder
2020-02-02 17:44:21,605 [INFO] DbBoardsJson:51 - Set database path to: C:\Users\parki\.stmcufinder\plugins\mcufinder//mcu/
2020-02-02 17:44:21,605 [WARN] DbFile:31 - Overriding database path with different value: C:\Users\parki\.stmcufinder\plugins\mcufinder/ => C:\Users\parki\.stmcufinder\plugins\mcufinder
2020-02-02 17:44:21,605 [WARN] DbFile:31 - Overriding database path with different value: C:\Users\parki\.stmcufinder\plugins\mcufinder/ => C:\Users\parki\.stmcufinder\plugins\mcufinder
2020-02-02 17:44:21,605 [INFO] CrossReferenceDbSqlite:197 - Set database path to: C:\Users\parki\.stmcufinder\plugins\mcufinder//mcu/cs/
2020-02-02 17:44:21,634 [INFO] ApplicationProperties:181 - Using Application install path: C:\ST\STM32CubeIDE_1.1.0\STM32CubeIDE\plugins\com.st.stm32cube.common.mx_5.4.0.201910091541
2020-02-02 17:44:21,636 [INFO] PluginManage:178 - Search for loadable plugins [exclusion list=]
2020-02-02 17:44:21,637 [INFO] PluginManage:292 - Check plugin analytics
2020-02-02 17:44:21,644 [INFO] PluginManage:342 - Loaded plugin analytics (category:tool,tabindex:-1)
2020-02-02 17:44:21,644 [INFO] PluginManage:292 - Check plugin clock
2020-02-02 17:44:21,655 [INFO] PluginManage:342 - Loaded plugin clock (category:base,tabindex:2)
2020-02-02 17:44:21,655 [INFO] PluginManage:292 - Check plugin ddr
2020-02-02 17:44:21,657 [INFO] PluginManage:342 - Loaded plugin ddr (category:tool,tabindex:6)
2020-02-02 17:44:21,657 [INFO] PluginManage:292 - Check plugin filemanager
2020-02-02 17:44:21,782 [INFO] PluginManage:342 - Loaded plugin filemanager (category:base,tabindex:10)
2020-02-02 17:44:21,782 [INFO] PluginManage:292 - Check plugin ipmanager
2020-02-02 17:44:21,791 [INFO] PluginManage:342 - Loaded plugin ipmanager (category:base,tabindex:5)
2020-02-02 17:44:21,791 [INFO] PluginManage:292 - Check plugin pinoutandconfiguration
2020-02-02 17:44:21,800 [INFO] PluginManage:342 - Loaded plugin pinoutandconfiguration (category:base,tabindex:1)
2020-02-02 17:44:21,800 [INFO] PluginManage:292 - Check plugin pinoutconfig
2020-02-02 17:44:21,822 [INFO] PluginManage:342 - Loaded plugin pinoutconfig (category:base,tabindex:0)
2020-02-02 17:44:21,822 [INFO] PluginManage:292 - Check plugin power
2020-02-02 17:44:21,833 [INFO] PluginManage:342 - Loaded plugin power (category:power,tabindex:4)
2020-02-02 17:44:21,834 [INFO] PluginManage:292 - Check plugin projectmanager
2020-02-02 17:44:21,847 [INFO] PluginManage:342 - Loaded plugin projectmanager (category:projectmanager,tabindex:3)
2020-02-02 17:44:21,847 [INFO] PluginManage:292 - Check plugin thirdparty
2020-02-02 17:44:21,905 [INFO] ThirdPartyDb:294 - Open Third Party DataBase File (C:/Users/parki/.stm32cubemx/plugins/thirdparty/db/thirdparties_db.xml) : 25 ms. number of Sw pack : 8
2020-02-02 17:44:21,930 [INFO] PluginManage:342 - Loaded plugin thirdparty (category:base,tabindex:-1)
2020-02-02 17:44:21,930 [INFO] PluginManage:292 - Check plugin tools
2020-02-02 17:44:21,932 [INFO] PluginManage:342 - Loaded plugin tools (category:base,tabindex:7)
2020-02-02 17:44:21,932 [INFO] PluginManage:292 - Check plugin updater
2020-02-02 17:44:21,961 [INFO] PluginManage:342 - Loaded plugin updater (category:base,tabindex:12)
2020-02-02 17:44:21,962 [INFO] PluginManage:265 - PluginManage : Loaded plugins [12]
2020-02-02 17:44:22,175 [INFO] PinOutPanel:1367 - setPackage(No Configuration,No Configuration)
2020-02-02 17:44:22,271 [INFO] IPUIPlugin:63 - create IPUIPlugin
2020-02-02 17:44:22,271 [INFO] PluginManager:200 - loadIPPluginJar : add adc
2020-02-02 17:44:22,273 [INFO] IPUIPlugin:63 - create IPUIPlugin
2020-02-02 17:44:22,273 [INFO] PluginManager:200 - loadIPPluginJar : add aes
2020-02-02 17:44:22,275 [INFO] IPUIPlugin:63 - create IPUIPlugin
2020-02-02 17:44:22,275 [INFO] PluginManager:200 - loadIPPluginJar : add can
2020-02-02 17:44:22,293 [INFO] IPUIPlugin:63 - create IPUIPlugin
2020-02-02 17:44:22,293 [INFO] PluginManager:200 - loadIPPluginJar : add comp
2020-02-02 17:44:22,296 [INFO] IPUIPlugin:63 - create IPUIPlugin
2020-02-02 17:44:22,296 [INFO] PluginManager:200 - loadIPPluginJar : add cryp
2020-02-02 17:44:22,298 [INFO] IPUIPlugin:63 - create IPUIPlugin
2020-02-02 17:44:22,298 [INFO] PluginManager:200 - loadIPPluginJar : add dfsdm
2020-02-02 17:44:22,302 [INFO] IPUIPlugin:63 - create IPUIPlugin
2020-02-02 17:44:22,303 [INFO] PluginManager:200 - loadIPPluginJar : add dma
2020-02-02 17:44:22,304 [INFO] IPUIPlugin:63 - create IPUIPlugin
2020-02-02 17:44:22,304 [INFO] PluginManager:200 - loadIPPluginJar : add fatfs
2020-02-02 17:44:22,307 [INFO] IPUIPlugin:63 - create IPUIPlugin
2020-02-02 17:44:22,308 [INFO] PluginManager:200 - loadIPPluginJar : add fmc
2020-02-02 17:44:22,313 [INFO] IPUIPlugin:63 - create IPUIPlugin
2020-02-02 17:44:22,314 [INFO] PluginManager:200 - loadIPPluginJar : add freertos
2020-02-02 17:44:22,315 [INFO] IPUIPlugin:63 - create IPUIPlugin
2020-02-02 17:44:22,315 [INFO] PluginManager:200 - loadIPPluginJar : add genericplugin
2020-02-02 17:44:22,317 [INFO] IPUIPlugin:63 - create IPUIPlugin
2020-02-02 17:44:22,318 [INFO] PluginManager:200 - loadIPPluginJar : add gfxmmu
2020-02-02 17:44:22,320 [INFO] IPUIPlugin:63 - create IPUIPlugin
2020-02-02 17:44:22,320 [INFO] PluginManager:200 - loadIPPluginJar : add gfxsimulator
2020-02-02 17:44:22,326 [INFO] IPUIPlugin:63 - create IPUIPlugin
2020-02-02 17:44:22,327 [INFO] PluginManager:200 - loadIPPluginJar : add gic
2020-02-02 17:44:22,330 [INFO] IPUIPlugin:63 - create IPUIPlugin
2020-02-02 17:44:22,330 [INFO] PluginManager:200 - loadIPPluginJar : add gpio
2020-02-02 17:44:22,332 [INFO] IPUIPlugin:63 - create IPUIPlugin
2020-02-02 17:44:22,332 [INFO] PluginManager:200 - loadIPPluginJar : add gtzc
2020-02-02 17:44:22,334 [INFO] IPUIPlugin:63 - create IPUIPlugin
2020-02-02 17:44:22,334 [INFO] PluginManager:200 - loadIPPluginJar : add hash
2020-02-02 17:44:22,336 [INFO] IPUIPlugin:63 - create IPUIPlugin
2020-02-02 17:44:22,336 [INFO] PluginManager:200 - loadIPPluginJar : add i2c
2020-02-02 17:44:22,338 [INFO] IPUIPlugin:63 - create IPUIPlugin
2020-02-02 17:44:22,338 [INFO] PluginManager:200 - loadIPPluginJar : add i2s
2020-02-02 17:44:22,451 [INFO] IPUIPlugin:63 - create IPUIPlugin
2020-02-02 17:44:22,451 [INFO] PluginManager:200 - loadIPPluginJar : add ipddr
2020-02-02 17:44:22,452 [INFO] IPUIPlugin:63 - create IPUIPlugin
2020-02-02 17:44:22,452 [INFO] PluginManager:200 - loadIPPluginJar : add ltdc
2020-02-02 17:44:22,457 [INFO] IPUIPlugin:63 - create IPUIPlugin
2020-02-02 17:44:22,457 [INFO] PluginManager:200 - loadIPPluginJar : add mdma
2020-02-02 17:44:22,460 [INFO] IPUIPlugin:63 - create IPUIPlugin
2020-02-02 17:44:22,461 [INFO] PluginManager:200 - loadIPPluginJar : add nvic
2020-02-02 17:44:22,463 [INFO] IPUIPlugin:63 - create IPUIPlugin
2020-02-02 17:44:22,463 [INFO] PluginManager:200 - loadIPPluginJar : add opamp
2020-02-02 17:44:22,467 [INFO] IPUIPlugin:63 - create IPUIPlugin
2020-02-02 17:44:22,467 [INFO] PluginManager:200 - loadIPPluginJar : add pdm2pcm
2020-02-02 17:44:22,473 [INFO] IPUIPlugin:63 - create IPUIPlugin
2020-02-02 17:44:22,475 [INFO] PluginManager:200 - loadIPPluginJar : add plateformsettings
2020-02-02 17:44:22,476 [INFO] IPUIPlugin:63 - create IPUIPlugin
2020-02-02 17:44:22,476 [INFO] PluginManager:200 - loadIPPluginJar : add quadspi
2020-02-02 17:44:22,481 [INFO] IPUIPlugin:63 - create IPUIPlugin
2020-02-02 17:44:22,482 [INFO] PluginManager:200 - loadIPPluginJar : add resmgrutility
2020-02-02 17:44:22,485 [INFO] IPUIPlugin:63 - create IPUIPlugin
2020-02-02 17:44:22,485 [INFO] PluginManager:200 - loadIPPluginJar : add sai
2020-02-02 17:44:22,487 [INFO] IPUIPlugin:63 - create IPUIPlugin
2020-02-02 17:44:22,487 [INFO] PluginManager:200 - loadIPPluginJar : add spi
2020-02-02 17:44:22,490 [INFO] IPUIPlugin:63 - create IPUIPlugin
2020-02-02 17:44:22,490 [INFO] PluginManager:200 - loadIPPluginJar : add stm32_wpan
2020-02-02 17:44:22,491 [INFO] IPUIPlugin:63 - create IPUIPlugin
2020-02-02 17:44:22,492 [INFO] PluginManager:200 - loadIPPluginJar : add tim
2020-02-02 17:44:22,495 [INFO] IPUIPlugin:63 - create IPUIPlugin
2020-02-02 17:44:22,495 [INFO] PluginManager:200 - loadIPPluginJar : add touchsensing
2020-02-02 17:44:22,497 [INFO] IPUIPlugin:63 - create IPUIPlugin
2020-02-02 17:44:22,498 [INFO] PluginManager:200 - loadIPPluginJar : add tracer_emb
2020-02-02 17:44:22,499 [INFO] IPUIPlugin:63 - create IPUIPlugin
2020-02-02 17:44:22,500 [INFO] PluginManager:200 - loadIPPluginJar : add ts
2020-02-02 17:44:22,501 [INFO] IPUIPlugin:63 - create IPUIPlugin
2020-02-02 17:44:22,501 [INFO] PluginManager:200 - loadIPPluginJar : add tsc
2020-02-02 17:44:22,507 [INFO] IPUIPlugin:63 - create IPUIPlugin
2020-02-02 17:44:22,508 [INFO] PluginManager:200 - loadIPPluginJar : add ucpd
2020-02-02 17:44:22,510 [INFO] IPUIPlugin:63 - create IPUIPlugin
2020-02-02 17:44:22,510 [INFO] PluginManager:200 - loadIPPluginJar : add usart
2020-02-02 17:44:22,876 [INFO] BoardConnectionPanel:220 - [DDR PANEL] osNameString: Windows
2020-02-02 17:44:23,006 [INFO] BoardConnectionPanel:3149 - [DDR PANEL] STM32CubeIDE environment
2020-02-02 17:44:23,007 [INFO] MainDdrPanel:100 - [DDR PANEL] GETTER - cubeProgrammerPath is: null
2020-02-02 17:44:23,190 [FATAL] Updater:277 - Updater called before beeing initialized
2020-02-02 17:44:23,375 [FATAL] Updater:277 - Updater called before beeing initialized
2020-02-02 17:44:23,382 [INFO] PinOutPanel:1367 - setPackage(No Configuration,No Configuration)
2020-02-02 17:44:23,383 [FATAL] Updater:277 - Updater called before beeing initialized
2020-02-02 17:44:23,386 [INFO] BoardConnectionPanel:3149 - [DDR PANEL] STM32CubeIDE environment
2020-02-02 17:44:23,386 [INFO] MainDdrPanel:100 - [DDR PANEL] GETTER - cubeProgrammerPath is: C:\ST\STM32CubeIDE_1.1.0\STM32CubeIDE\plugins\com.st.stm32cube.ide.mcu.externaltools.cubeprogrammer.win32_1.1.0.201910081157\tools\bin
2020-02-02 17:44:23,391 [INFO] ProgrammerExecThread:148 - [ProgrammerAPI] CubeProgrammer command construction: C:\ST\STM32CubeIDE_1.1.0\STM32CubeIDE\plugins\com.st.stm32cube.ide.mcu.externaltools.cubeprogrammer.win32_1.1.0.201910081157\tools\bin\STM32_Programmer_CLI.exe -l
2020-02-02 17:44:23,592 [INFO] MainDdrPanel:90 - [DDR PANEL] SETTER - Set cubeProgrammerPath to: C:\ST\STM32CubeIDE_1.1.0\STM32CubeIDE\plugins\com.st.stm32cube.ide.mcu.externaltools.cubeprogrammer.win32_1.1.0.201910081157\tools\bin
2020-02-02 17:44:23,621 [INFO] Updater:886 - Updater Version found : 5.4.0
2020-02-02 17:44:23,640 [INFO] ApplicationProperties:181 - Using Application install path: C:\ST\STM32CubeIDE_1.1.0\STM32CubeIDE\plugins\com.st.stm32cube.common.mx_5.4.0.201910091541
2020-02-02 17:44:24,090 [INFO] MainUpdater:2232 - connection check result : 10
2020-02-02 17:44:24,091 [INFO] MainUpdater:236 - Updater Check For Update Now.
2020-02-02 17:44:24,091 [INFO] MicroXplorer:420 - Change Database Version : DB.5.0.40
2020-02-02 17:44:24,126 [INFO] CheckServerUpdateThread:92 - End of CheckServer Thread
2020-02-02 17:44:24,304 [INFO] MainUpdater:2232 - connection check result : 10
2020-02-02 17:44:24,304 [INFO] LogOutputStream:76 - [STDOUT_REDIRECT] Successfull proxy connection.
2020-02-02 17:44:24,479 [INFO] McuFinderGlobals:40 - Set McuFinder mode to 2 (CubeIDE integrated)
2020-02-02 17:44:24,494 [INFO] FinderPluginLoader:86 - Searching for filters in installed packs
2020-02-02 17:44:24,496 [INFO] DbMcusXml:106 - Load MCU database from C:\ST\STM32CubeIDE_1.1.0\STM32CubeIDE\plugins\com.st.stm32cube.common.mx_5.4.0.201910091541\\db\/mcu/families.xml
2020-02-02 17:44:24,997 [INFO] ThirdPartyDb:264 - Close Third Party DataBase File (C:/Users/parki/.stm32cubemx/plugins/thirdparty/db/thirdparties_db.xml)
2020-02-02 17:44:25,040 [INFO] ThirdPartyDb:294 - Open Third Party DataBase File (C:/Users/parki/.stm32cubemx/plugins/thirdparty/db/thirdparties_db.xml) : 3 ms. number of Sw pack : 8
2020-02-02 17:44:25,040 [INFO] ThirdPartyDb:264 - Close Third Party DataBase File (C:/Users/parki/.stm32cubemx/plugins/thirdparty/db/thirdparties_db.xml)
2020-02-02 17:44:25,068 [INFO] IntegrityCheckThread:97 - End integrity checks thread
2020-02-02 17:44:25,353 [INFO] DbMcusJson:87 - JSON generation date=Wed Jan 22 06:50:05 MST 2020 (1579701005)
2020-02-02 17:44:26,474 [INFO] DbMcus:193 - Found 1544 MCUs (1504 are supported by CubeMX, 1504 are visible in CubeMX)
2020-02-02 17:44:26,475 [INFO] ApiDb:158 - Load user favorites file C:\Users\parki/.stm32cubeide/favorites.mcus.txt: 0 item(s)
2020-02-02 17:44:26,476 [INFO] ApiDb:163 - User favorites MCUs=[]
2020-02-02 17:44:26,476 [INFO] DbMcus:204 - Set 0 / 0 favorites MCUs
2020-02-02 17:44:27,213 [INFO] DbMcusAds:130 - JSON generation date=Wed Feb 20 09:46:15 MST 2019 (1550681175)
2020-02-02 17:44:27,218 [INFO] LoadUrlFilesThread:161 - End of LoadServerUrlFiles without Thread
2020-02-02 17:44:27,233 [INFO] McuDetailPanel:180 - Set advertising image to C:/Users/parki/STM32Cube/Repository/\PRSTM32MP10219-01-med.jpg
2020-02-02 17:44:27,655 [INFO] McuFilterPanel:282 - Update 0 favorites MCUs
2020-02-02 17:44:27,844 [INFO] DbBoardsPdsc:92 - Found 19 items
2020-02-02 17:44:27,853 [INFO] DbBoardsPdsc:92 - Found 9 items
2020-02-02 17:44:27,867 [INFO] DbBoardsPdsc:92 - Found 27 items
2020-02-02 17:44:27,874 [INFO] DbBoardsPdsc:92 - Found 1 items
2020-02-02 17:44:27,890 [INFO] DbBoardsPdsc:92 - Found 38 items
2020-02-02 17:44:27,908 [INFO] DbBoardsPdsc:92 - Found 38 items
2020-02-02 17:44:27,919 [INFO] DbBoardsPdsc:92 - Found 1 items
2020-02-02 17:44:27,952 [INFO] DbBoardsJson:79 - JSON generation date=Wed Jan 22 05:22:01 MST 2020 (1579695721)
2020-02-02 17:44:27,958 [INFO] DbBoards:120 - Found 134 boards (132 are supported by CubeMX)
2020-02-02 17:44:27,970 [INFO] DbBoardsDocs:118 - JSON generation date=Wed Jan 22 06:50:05 MST 2020 (1579701005)
2020-02-02 17:44:27,977 [INFO] DbBoardsDocs:57 - Found 162 boards documents
2020-02-02 17:44:27,977 [WARN] DbBoards:130 - board NUCLEO-H743ZI2 has no document id list !
2020-02-02 17:44:27,978 [WARN] DbBoards:152 - board NUCLEO-L552ZE-Q / document id not found: 4505
2020-02-02 17:44:27,978 [WARN] DbBoards:130 - board P-NUCLEO-WB55-Nucleo has no document id list !
2020-02-02 17:44:27,978 [WARN] DbBoards:130 - board P-NUCLEO-WB55-USBDongle has no document id list !
2020-02-02 17:44:27,978 [WARN] DbBoards:130 - board STM32F401C-DISCO has no document id list !
2020-02-02 17:44:27,979 [WARN] DbBoards:130 - board STM32F769I-DISC1 has no document id list !
2020-02-02 17:44:27,979 [WARN] DbBoards:130 - board STM32L-DISCOVERY has no document id list !
2020-02-02 17:44:27,979 [WARN] DbBoards:130 - board STM32H747I-DISC1 has no document id list !
2020-02-02 17:44:27,979 [WARN] DbBoards:130 - board STM32MP157A-DK1 has no document id list !
2020-02-02 17:44:27,980 [WARN] DbBoards:152 - board STM32L562E-DK / document id not found: 4510
2020-02-02 17:44:27,980 [WARN] DbBoards:152 - board STM32L562E-DK / document id not found: 4514
2020-02-02 17:44:27,980 [WARN] DbBoards:130 - board STM32100E-EVAL has no document id list !
2020-02-02 17:44:27,980 [WARN] DbBoards:130 - board STM32303C-EVAL has no document id list !
2020-02-02 17:44:27,980 [WARN] DbBoards:130 - board STM32L152D-EVAL has no document id list !
2020-02-02 17:44:27,980 [WARN] DbBoards:130 - board STM32H743I-EVAL2 has no document id list !
2020-02-02 17:44:27,981 [WARN] DbBoards:130 - board STM32H753I-EVAL2 has no document id list !
2020-02-02 17:44:27,981 [WARN] DbBoards:130 - board STM32G474E-EVAL1 has no document id list !
2020-02-02 17:44:27,981 [WARN] DbBoards:152 - board STM32L552E-EV / document id not found: 4493
2020-02-02 17:44:27,981 [WARN] DbBoards:152 - board STM32L552E-EV / document id not found: 4509
2020-02-02 17:44:27,982 [WARN] DbBoards:130 - board STEVAL-MKSBOX1V1 has no document id list !
2020-02-02 17:44:28,265 [ERROR] DbBoards:192 - Image file not found for board P-NUCLEO-WB55: C:\ST\STM32CubeIDE_1.1.0\STM32CubeIDE\plugins\com.st.stm32cube.common.mx_5.4.0.201910091541\\db\/plugins/mcufinder/images/boards/p-nucleo-wb55_small.jpg
2020-02-02 17:44:28,500 [ERROR] DbBoards:192 - Image file not found for board STM32G0316-DISCO: C:\ST\STM32CubeIDE_1.1.0\STM32CubeIDE\plugins\com.st.stm32cube.common.mx_5.4.0.201910091541\\db\/plugins/mcufinder/images/boards/stm32g0316discovery_small.jpg
2020-02-02 17:44:28,884 [INFO] ApiDb:158 - Load user favorites file C:\Users\parki/.stm32cubeide/favorites.boards.txt: 0 item(s)
2020-02-02 17:44:28,884 [INFO] ApiDb:163 - User favorites Boards=[]
2020-02-02 17:44:28,885 [INFO] DbBoards:209 - Set 0 / 0 favorites Boards
2020-02-02 17:44:28,959 [INFO] LoadUrlFilesThread:161 - End of LoadServerUrlFiles without Thread
2020-02-02 17:44:28,959 [INFO] BoardDetailPanel:179 - Set advertising image to C:/Users/parki/STM32Cube/Repository/\PRSTM32MP10219-01-med.jpg
2020-02-02 17:44:28,983 [INFO] BoardFilterPanel:211 - Update 0 favorites Boards
2020-02-02 17:44:29,076 [INFO] CrossSelectorPresenter:1319 - Cross Selector saved comparison directory: C:\Users\parki\.stmcufinder\plugins\mcufinder\mcu\cs_comparisons_mx
2020-02-02 17:44:40,175 [INFO] DbMcusDocs:126 - JSON generation date=Wed Jan 22 06:50:05 MST 2020 (1579701005)
2020-02-02 17:44:40,292 [INFO] DbMcusDocs:61 - Found 541 MCUs documents
2020-02-02 17:44:47,548 [INFO] LogOutputStream:76 - [STDOUT_REDIRECT] withoutVersionV1.24.2
2020-02-02 17:44:47,548 [INFO] LogOutputStream:76 - [STDOUT_REDIRECT] withoutVersionV1.24.1
2020-02-02 17:44:47,548 [INFO] LogOutputStream:76 - [STDOUT_REDIRECT] withoutVersionV1.24.0
2020-02-02 17:44:47,883 [INFO] LogOutputStream:76 - [STDOUT_REDIRECT] File copied successfully!!
2020-02-02 17:44:49,602 [INFO] MainUpdater:2232 - connection check result : 10
2020-02-02 17:44:49,604 [INFO] LogOutputStream:76 - [STDOUT_REDIRECT] Successfull proxy connection.
2020-02-02 17:44:49,670 [INFO] MicroXplorer:390 - Change Database Path : 
2020-02-02 17:44:49,670 [INFO] MicroXplorer:420 - Change Database Version : DB.5.0.40
2020-02-02 17:44:49,675 [INFO] PinOutPanel:1367 - setPackage(No Configuration,No Configuration)
2020-02-02 17:44:49,676 [INFO] UtilMem:74 - Begin LoadConfig() Used Memory: 433499792 Bytes (767557632)
2020-02-02 17:44:49,677 [INFO] MicroXplorer:390 - Change Database Path : 
2020-02-02 17:44:49,678 [INFO] MicroXplorer:420 - Change Database Version : DB.5.0.40
2020-02-02 17:44:49,678 [INFO] OpenFileManager:269 - Change cursor
2020-02-02 17:44:52,516 [INFO] ImportTextPane:162 - (OptionalMessage_ERROR) Unable to find key (Mcu.ThirdPartyNb) in loaded IOC file
2020-02-02 17:44:52,516 [INFO] ImportTextPane:162 - (OptionalMessage_ERROR) Unable to find key (Mcu.PinsNb) in loaded IOC file
2020-02-02 17:44:52,517 [INFO] ImportTextPane:162 - (OptionalMessage_ERROR) Unable to find key (Mcu.IPNb) in loaded IOC file
2020-02-02 17:44:52,893 [INFO] UtilMem:74 - End LoadConfig() Used Memory: 393329000 Bytes (767557632)
2020-02-02 17:44:52,901 [INFO] ThirdPartyDb:294 - Open Third Party DataBase File (C:/Users/parki/.stm32cubemx/plugins/thirdparty/db/thirdparties_db.xml) : 2 ms. number of Sw pack : 8
2020-02-02 17:44:52,927 [INFO] ThirdParty:897 - CMSIS Pack Vendor :STMicroelectronics X-CUBE-AI 5.0.0
2020-02-02 17:44:52,927 [INFO] ThirdParty:897 - CMSIS Pack Vendor :STMicroelectronics X-CUBE-BLE1 4.4.0
2020-02-02 17:44:52,928 [INFO] ThirdParty:897 - CMSIS Pack Vendor :STMicroelectronics X-CUBE-BLE2 1.0.0
2020-02-02 17:44:52,928 [INFO] ThirdParty:897 - CMSIS Pack Vendor :STMicroelectronics X-CUBE-GNSS1 4.0.0
2020-02-02 17:44:52,928 [INFO] ThirdParty:897 - CMSIS Pack Vendor :STMicroelectronics X-CUBE-NFC4 1.5.1
2020-02-02 17:44:52,928 [INFO] ThirdParty:897 - CMSIS Pack Vendor :STMicroelectronics X-CUBE-SUBG2 1.0.0
2020-02-02 17:44:52,928 [INFO] ThirdParty:897 - CMSIS Pack Vendor :STMicroelectronics X-CUBE-TOUCHGFX 4.13.0
2020-02-02 17:44:52,928 [INFO] ThirdParty:897 - CMSIS Pack Vendor :ARM CMSIS 5.6.0
2020-02-02 17:44:53,225 [INFO] PinOutPanel:1367 - setPackage(No Configuration,No Configuration)
2020-02-02 17:44:53,226 [INFO] PinOutPanel:1367 - setPackage(STM32F446ZETx,LQFP144)
2020-02-02 17:44:53,635 [INFO] UtilMem:74 - Before build in PCC Used Memory: 491312328 Bytes (767557632)
2020-02-02 17:44:53,923 [INFO] SharedServices:71 - Folder for power plug-in: C:/Users/parki/.stm32cubemx/plugins/power
2020-02-02 17:44:53,923 [INFO] UtilMem:74 - After build in PCC Used Memory: 507040968 Bytes (767557632)
2020-02-02 17:44:53,930 [INFO] BlockDiagram:1827 - stop enableDisableButtons
2020-02-02 17:44:53,931 [INFO] IPUIPlugin:63 - create IPUIPlugin
2020-02-02 17:44:53,931 [INFO] IPUIPlugin:63 - create IPUIPlugin
2020-02-02 17:44:53,931 [INFO] IPUIPlugin:63 - create IPUIPlugin
2020-02-02 17:44:53,931 [INFO] IPUIPlugin:63 - create IPUIPlugin
2020-02-02 17:44:53,931 [INFO] IPUIPlugin:63 - create IPUIPlugin
2020-02-02 17:44:53,931 [INFO] IPUIPlugin:63 - create IPUIPlugin
2020-02-02 17:44:53,932 [INFO] IPUIPlugin:63 - create IPUIPlugin
2020-02-02 17:44:53,932 [INFO] IPUIPlugin:63 - create IPUIPlugin
2020-02-02 17:44:53,932 [INFO] IPUIPlugin:63 - create IPUIPlugin
2020-02-02 17:44:53,932 [INFO] IPUIPlugin:63 - create IPUIPlugin
2020-02-02 17:44:53,932 [INFO] IPUIPlugin:63 - create IPUIPlugin
2020-02-02 17:44:53,932 [INFO] IPUIPlugin:63 - create IPUIPlugin
2020-02-02 17:44:53,932 [INFO] IPUIPlugin:63 - create IPUIPlugin
2020-02-02 17:44:53,933 [INFO] IPUIPlugin:63 - create IPUIPlugin
2020-02-02 17:44:53,933 [INFO] IPUIPlugin:63 - create IPUIPlugin
2020-02-02 17:44:53,933 [INFO] IPUIPlugin:63 - create IPUIPlugin
2020-02-02 17:44:53,933 [INFO] IPUIPlugin:63 - create IPUIPlugin
2020-02-02 17:44:53,934 [INFO] IPUIPlugin:63 - create IPUIPlugin
2020-02-02 17:44:53,934 [INFO] IPUIPlugin:63 - create IPUIPlugin
2020-02-02 17:44:53,934 [INFO] IPUIPlugin:63 - create IPUIPlugin
2020-02-02 17:44:53,934 [INFO] IPUIPlugin:63 - create IPUIPlugin
2020-02-02 17:44:53,934 [INFO] IPUIPlugin:63 - create IPUIPlugin
2020-02-02 17:44:53,935 [INFO] IPUIPlugin:63 - create IPUIPlugin
2020-02-02 17:44:53,935 [INFO] IPUIPlugin:63 - create IPUIPlugin
2020-02-02 17:44:53,935 [INFO] IPUIPlugin:63 - create IPUIPlugin
2020-02-02 17:44:53,935 [INFO] IPUIPlugin:63 - create IPUIPlugin
2020-02-02 17:44:53,936 [INFO] IPUIPlugin:63 - create IPUIPlugin
2020-02-02 17:44:53,936 [INFO] IPUIPlugin:63 - create IPUIPlugin
2020-02-02 17:44:53,936 [INFO] IPUIPlugin:63 - create IPUIPlugin
2020-02-02 17:44:53,936 [INFO] IPUIPlugin:63 - create IPUIPlugin
2020-02-02 17:44:53,936 [INFO] IPUIPlugin:63 - create IPUIPlugin
2020-02-02 17:44:53,936 [INFO] IPUIPlugin:63 - create IPUIPlugin
2020-02-02 17:44:53,936 [INFO] IPUIPlugin:63 - create IPUIPlugin
2020-02-02 17:44:53,937 [INFO] IPUIPlugin:63 - create IPUIPlugin
2020-02-02 17:44:53,937 [INFO] IPUIPlugin:63 - create IPUIPlugin
2020-02-02 17:44:53,937 [INFO] IPUIPlugin:63 - create IPUIPlugin
2020-02-02 17:44:53,937 [INFO] IPUIPlugin:63 - create IPUIPlugin
2020-02-02 17:44:53,937 [INFO] IPUIPlugin:63 - create IPUIPlugin
2020-02-02 17:44:53,937 [INFO] IPUIPlugin:63 - create IPUIPlugin
2020-02-02 17:44:53,937 [INFO] IPUIPlugin:63 - create IPUIPlugin
2020-02-02 17:44:53,937 [INFO] IPUIPlugin:63 - create IPUIPlugin
2020-02-02 17:44:53,938 [INFO] IPUIPlugin:63 - create IPUIPlugin
2020-02-02 17:44:53,938 [INFO] IPUIPlugin:63 - create IPUIPlugin
2020-02-02 17:44:53,938 [INFO] IPUIPlugin:63 - create IPUIPlugin
2020-02-02 17:44:53,938 [INFO] IPUIPlugin:63 - create IPUIPlugin
2020-02-02 17:44:53,938 [INFO] IPUIPlugin:63 - create IPUIPlugin
2020-02-02 17:44:53,938 [INFO] IPUIPlugin:63 - create IPUIPlugin
2020-02-02 17:44:53,938 [INFO] IPUIPlugin:63 - create IPUIPlugin
2020-02-02 17:44:53,939 [INFO] IPUIPlugin:63 - create IPUIPlugin
2020-02-02 17:44:53,939 [INFO] IPUIPlugin:63 - create IPUIPlugin
2020-02-02 17:44:53,939 [INFO] IPUIPlugin:63 - create IPUIPlugin
2020-02-02 17:44:53,939 [INFO] IPUIPlugin:63 - create IPUIPlugin
2020-02-02 17:44:53,939 [INFO] IPUIPlugin:63 - create IPUIPlugin
2020-02-02 17:44:53,939 [INFO] IPUIPlugin:63 - create IPUIPlugin
2020-02-02 17:44:53,939 [INFO] IPUIPlugin:63 - create IPUIPlugin
2020-02-02 17:44:53,939 [INFO] IPUIPlugin:63 - create IPUIPlugin
2020-02-02 17:44:53,940 [INFO] IPUIPlugin:63 - create IPUIPlugin
2020-02-02 17:44:53,940 [INFO] IPUIPlugin:63 - create IPUIPlugin
2020-02-02 17:44:53,940 [INFO] IPUIPlugin:63 - create IPUIPlugin
2020-02-02 17:44:53,940 [INFO] IPUIPlugin:63 - create IPUIPlugin
2020-02-02 17:44:53,941 [INFO] IPUIPlugin:63 - create IPUIPlugin
2020-02-02 17:44:53,941 [INFO] IPUIPlugin:63 - create IPUIPlugin
2020-02-02 17:44:53,941 [INFO] IPUIPlugin:63 - create IPUIPlugin
2020-02-02 17:44:53,941 [INFO] IPUIPlugin:63 - create IPUIPlugin
2020-02-02 17:44:53,945 [INFO] BlockDiagram:1827 - stop enableDisableButtons
2020-02-02 17:44:53,963 [INFO] LogOutputStream:76 - [STDOUT_REDIRECT] toolchainItems.length=====1
2020-02-02 17:44:54,042 [INFO] OpenFileManager:289 - Restore cursor
2020-02-02 17:44:54,115 [INFO] BlockDiagram:1827 - stop enableDisableButtons
2020-02-02 17:44:54,157 [INFO] BlockDiagram:1827 - stop enableDisableButtons
2020-02-02 17:44:54,325 [INFO] UtilMem:74 - End SaveConfig() Used Memory: 566809800 Bytes (767557632)
2020-02-02 17:44:54,369 [INFO] UtilMem:74 - End SaveConfig() Used Memory: 571004104 Bytes (767557632)
2020-02-02 17:44:54,747 [INFO] BlockDiagram:1871 - set Specific Code input for plugin: SYS
2020-02-02 17:44:54,747 [INFO] BlockDiagram:1871 - set Specific Code input for plugin: NVIC
2020-02-02 17:44:54,749 [INFO] CodeGenerator:598 - code generatio: config db path: C:\ST\STM32CubeIDE_1.1.0\STM32CubeIDE\plugins\com.st.stm32cube.common.mx_5.4.0.201910091541\\db\
2020-02-02 17:44:55,114 [INFO] CodeEngine:193 - oldGeneratedFile, C:\Users\parki\Documents\GitHub\SRDAQ_Firmware\Firmware\MXTmpFiles\license.tmp_save
2020-02-02 17:44:55,422 [INFO] CodeEngine:211 - Generated code: C:\Users\parki\Documents\GitHub\SRDAQ_Firmware\Firmware\MXTmpFiles\license.tmp
2020-02-02 17:44:55,545 [INFO] LogOutputStream:76 - [STDOUT_REDIRECT] Command line
2020-02-02 17:44:55,546 [INFO] LogOutputStream:76 - [STDOUT_REDIRECT] Debug : prepare data for SYS
2020-02-02 17:44:55,546 [INFO] LogOutputStream:76 - [STDOUT_REDIRECT] Command line test
2020-02-02 17:44:55,548 [INFO] LogOutputStream:76 - [STDOUT_REDIRECT] Debug : prepare data for NVIC
2020-02-02 17:44:55,549 [INFO] LogOutputStream:76 - [STDOUT_REDIRECT] Command line test
2020-02-02 17:44:55,583 [INFO] CodeEngine:193 - oldGeneratedFile, C:\Users\parki\Documents\GitHub\SRDAQ_Firmware\Firmware\Core\Src\stm32f4xx_it.c_save
2020-02-02 17:44:55,738 [INFO] CodeEngine:211 - Generated code: C:\Users\parki\Documents\GitHub\SRDAQ_Firmware\Firmware\Core\Src\stm32f4xx_it.c
2020-02-02 17:44:55,787 [INFO] CodeEngine:193 - oldGeneratedFile, C:\Users\parki\Documents\GitHub\SRDAQ_Firmware\Firmware\Core\Inc\stm32f4xx_it.h_save
2020-02-02 17:44:55,891 [INFO] CodeEngine:211 - Generated code: C:\Users\parki\Documents\GitHub\SRDAQ_Firmware\Firmware\Core\Inc\stm32f4xx_it.h
2020-02-02 17:44:55,931 [INFO] CodeEngine:193 - oldGeneratedFile, C:\Users\parki\Documents\GitHub\SRDAQ_Firmware\Firmware\Core\Src\stm32f4xx_hal_msp.c_save
2020-02-02 17:44:56,055 [INFO] CodeEngine:211 - Generated code: C:\Users\parki\Documents\GitHub\SRDAQ_Firmware\Firmware\Core\Src\stm32f4xx_hal_msp.c
2020-02-02 17:44:56,082 [INFO] CodeEngine:193 - oldGeneratedFile, C:\Users\parki\Documents\GitHub\SRDAQ_Firmware\Firmware\MXTmpFiles\system.tmp_save
2020-02-02 17:44:56,156 [INFO] CodeEngine:211 - Generated code: C:\Users\parki\Documents\GitHub\SRDAQ_Firmware\Firmware\MXTmpFiles\system.tmp
2020-02-02 17:44:56,198 [INFO] CodeEngine:193 - oldGeneratedFile, C:\Users\parki\Documents\GitHub\SRDAQ_Firmware\Firmware\Core\Inc\stm32f4xx_hal_conf.h_save
2020-02-02 17:44:56,304 [INFO] CodeEngine:211 - Generated code: C:\Users\parki\Documents\GitHub\SRDAQ_Firmware\Firmware\Core\Inc\stm32f4xx_hal_conf.h
2020-02-02 17:44:56,380 [INFO] CodeEngine:193 - oldGeneratedFile, C:\Users\parki\Documents\GitHub\SRDAQ_Firmware\Firmware\Core\Inc\main.h_save
2020-02-02 17:44:56,492 [INFO] CodeEngine:211 - Generated code: C:\Users\parki\Documents\GitHub\SRDAQ_Firmware\Firmware\Core\Inc\main.h
2020-02-02 17:44:56,535 [INFO] CodeEngine:193 - oldGeneratedFile, C:\Users\parki\Documents\GitHub\SRDAQ_Firmware\Firmware\Core\Src\main.c_save
2020-02-02 17:44:56,700 [INFO] CodeEngine:211 - Generated code: C:\Users\parki\Documents\GitHub\SRDAQ_Firmware\Firmware\Core\Src\main.c
2020-02-02 17:44:57,653 [INFO] ProjectBuilder:1645 - Time for Copy HAL[1] : 462mS.
2020-02-02 17:44:57,660 [INFO] ProjectBuilder:2206 - Project Generator version: 3.5.2
2020-02-02 17:44:58,219 [INFO] ConfigFileManager:953 - The Die is : DIE421
2020-02-02 17:45:06,234 [INFO] ProjectBuilder:2373 - Time for Generating toolchain IDE Files: 8574mS.
2020-02-02 17:45:06,235 [INFO] ProjectBuilder:1505 - Time for Copy CMSIS : 1mS.
2020-02-02 17:45:06,237 [INFO] ProjectBuilder:1505 - Time for Copy CMSIS : 0mS.
2020-02-02 17:45:24,916 [INFO] BlockDiagram:1827 - stop enableDisableButtons
2020-02-02 17:45:27,192 [INFO] BlockDiagram:1827 - stop enableDisableButtons
2020-02-02 17:45:27,338 [INFO] BlockDiagram:1827 - stop enableDisableButtons
2020-02-02 17:45:32,116 [INFO] BlockDiagram:1827 - stop enableDisableButtons
2020-02-02 17:45:34,612 [INFO] BlockDiagram:1827 - stop enableDisableButtons
2020-02-02 17:45:34,663 [INFO] BlockDiagram:1827 - stop enableDisableButtons
2020-02-02 17:45:39,222 [INFO] BlockDiagram:1827 - stop enableDisableButtons
2020-02-02 17:45:41,446 [INFO] BlockDiagram:1827 - stop enableDisableButtons
2020-02-02 17:45:41,473 [INFO] BlockDiagram:1827 - stop enableDisableButtons
2020-02-02 17:45:41,524 [INFO] BlockDiagram:1827 - stop enableDisableButtons
2020-02-02 17:46:10,729 [INFO] BlockDiagram:1827 - stop enableDisableButtons
2020-02-02 17:46:27,540 [INFO] BlockDiagram:1827 - stop enableDisableButtons
2020-02-02 17:46:40,848 [INFO] LogOutputStream:76 - [STDOUT_REDIRECT] Tab changed to: Clock Configuration
2020-02-02 17:46:42,407 [INFO] BlockDiagram:1827 - stop enableDisableButtons
2020-02-02 17:46:46,854 [INFO] BlockDiagram:1827 - stop enableDisableButtons
2020-02-02 17:46:51,855 [INFO] LogOutputStream:76 - [STDOUT_REDIRECT] Tab changed to: Pinout & Configuration
2020-02-02 17:46:55,295 [INFO] BlockDiagram:1827 - stop enableDisableButtons
2020-02-02 17:47:04,282 [INFO] UtilMem:74 - End SaveConfig() Used Memory: 372040816 Bytes (805306368)
2020-02-02 17:47:05,442 [INFO] UtilMem:74 - End SaveConfig() Used Memory: 379903096 Bytes (805306368)
2020-02-02 17:47:05,690 [INFO] UtilMem:74 - End SaveConfig() Used Memory: 396158064 Bytes (805306368)
2020-02-02 17:47:05,872 [INFO] BlockDiagram:1871 - set Specific Code input for plugin: SPI
2020-02-02 17:47:05,872 [INFO] BlockDiagram:1871 - set Specific Code input for plugin: SYS
2020-02-02 17:47:05,872 [INFO] BlockDiagram:1871 - set Specific Code input for plugin: RCC
2020-02-02 17:47:05,872 [INFO] BlockDiagram:1871 - set Specific Code input for plugin: NVIC
2020-02-02 17:47:05,873 [INFO] BlockDiagram:1871 - set Specific Code input for plugin: GPIO
2020-02-02 17:47:05,873 [INFO] BlockDiagram:1871 - set Specific Code input for plugin: FATFS
2020-02-02 17:47:05,874 [INFO] CodeGenerator:598 - code generatio: config db path: C:\ST\STM32CubeIDE_1.1.0\STM32CubeIDE\plugins\com.st.stm32cube.common.mx_5.4.0.201910091541\\db\
2020-02-02 17:47:06,135 [INFO] CodeEngine:193 - oldGeneratedFile, C:\Users\parki\Documents\GitHub\SRDAQ_Firmware\Firmware\MXTmpFiles\license.tmp_save
2020-02-02 17:47:06,197 [INFO] CodeEngine:211 - Generated code: C:\Users\parki\Documents\GitHub\SRDAQ_Firmware\Firmware\MXTmpFiles\license.tmp
2020-02-02 17:47:06,265 [INFO] CodeEngine:193 - oldGeneratedFile, C:\Users\parki\Documents\GitHub\SRDAQ_Firmware\Firmware\MXTmpFiles\gpio.tmp_save
2020-02-02 17:47:06,341 [INFO] CodeEngine:211 - Generated code: C:\Users\parki\Documents\GitHub\SRDAQ_Firmware\Firmware\MXTmpFiles\gpio.tmp
2020-02-02 17:47:06,424 [INFO] LogOutputStream:76 - [STDOUT_REDIRECT] Command line
2020-02-02 17:47:06,440 [INFO] ApiDbMcu:445 - Load IP Config File for FATFS
2020-02-02 17:47:06,447 [INFO] Middleware:1071 - No code input for Bsp Dependency
2020-02-02 17:47:06,474 [INFO] CodeEngine:193 - oldGeneratedFile, C:\Users\parki\Documents\GitHub\SRDAQ_Firmware\Firmware\MXTmpFiles\fatfs_HalInit.tmp_save
2020-02-02 17:47:06,562 [INFO] CodeEngine:211 - Generated code: C:\Users\parki\Documents\GitHub\SRDAQ_Firmware\Firmware\MXTmpFiles\fatfs_HalInit.tmp
2020-02-02 17:47:06,600 [INFO] CodeEngine:193 - oldGeneratedFile, C:\Users\parki\Documents\GitHub\SRDAQ_Firmware\Firmware\MXTmpFiles\fatfs_vars.tmp_save
2020-02-02 17:47:06,655 [INFO] CodeEngine:211 - Generated code: C:\Users\parki\Documents\GitHub\SRDAQ_Firmware\Firmware\MXTmpFiles\fatfs_vars.tmp
2020-02-02 17:47:06,683 [INFO] CodeEngine:193 - oldGeneratedFile, C:\Users\parki\Documents\GitHub\SRDAQ_Firmware\Firmware\MXTmpFiles\fatfs_ext_vars.tmp_save
2020-02-02 17:47:06,748 [INFO] CodeEngine:211 - Generated code: C:\Users\parki\Documents\GitHub\SRDAQ_Firmware\Firmware\MXTmpFiles\fatfs_ext_vars.tmp
2020-02-02 17:47:06,779 [INFO] CodeEngine:193 - oldGeneratedFile, C:\Users\parki\Documents\GitHub\SRDAQ_Firmware\Firmware\MXTmpFiles\fatfs_inc.tmp_save
2020-02-02 17:47:06,827 [INFO] CodeEngine:211 - Generated code: C:\Users\parki\Documents\GitHub\SRDAQ_Firmware\Firmware\MXTmpFiles\fatfs_inc.tmp
2020-02-02 17:47:06,857 [INFO] CodeEngine:193 - oldGeneratedFile, C:\Users\parki\Documents\GitHub\SRDAQ_Firmware\Firmware\FATFS\Target\ffconf.h_save
2020-02-02 17:47:06,946 [INFO] CodeEngine:211 - Generated code: C:\Users\parki\Documents\GitHub\SRDAQ_Firmware\Firmware\FATFS\Target\ffconf.h
2020-02-02 17:47:06,977 [INFO] CodeEngine:193 - oldGeneratedFile, C:\Users\parki\Documents\GitHub\SRDAQ_Firmware\Firmware\FATFS\Target\user_diskio.c_save
2020-02-02 17:47:07,035 [INFO] CodeEngine:211 - Generated code: C:\Users\parki\Documents\GitHub\SRDAQ_Firmware\Firmware\FATFS\Target\user_diskio.c
2020-02-02 17:47:07,061 [INFO] CodeEngine:193 - oldGeneratedFile, C:\Users\parki\Documents\GitHub\SRDAQ_Firmware\Firmware\FATFS\Target\user_diskio.h_save
2020-02-02 17:47:07,112 [INFO] CodeEngine:211 - Generated code: C:\Users\parki\Documents\GitHub\SRDAQ_Firmware\Firmware\FATFS\Target\user_diskio.h
2020-02-02 17:47:07,139 [INFO] CodeEngine:193 - oldGeneratedFile, C:\Users\parki\Documents\GitHub\SRDAQ_Firmware\Firmware\FATFS\App\fatfs.c_save
2020-02-02 17:47:07,200 [INFO] CodeEngine:211 - Generated code: C:\Users\parki\Documents\GitHub\SRDAQ_Firmware\Firmware\FATFS\App\fatfs.c
2020-02-02 17:47:07,226 [INFO] CodeEngine:193 - oldGeneratedFile, C:\Users\parki\Documents\GitHub\SRDAQ_Firmware\Firmware\FATFS\App\fatfs.h_save
2020-02-02 17:47:07,287 [INFO] CodeEngine:211 - Generated code: C:\Users\parki\Documents\GitHub\SRDAQ_Firmware\Firmware\FATFS\App\fatfs.h
2020-02-02 17:47:07,289 [INFO] LogOutputStream:76 - [STDOUT_REDIRECT] Command line
2020-02-02 17:47:07,291 [INFO] LogOutputStream:76 - [STDOUT_REDIRECT] Debug : prepare data for SPI
2020-02-02 17:47:07,292 [INFO] LogOutputStream:76 - [STDOUT_REDIRECT] Command line test
2020-02-02 17:47:07,293 [INFO] LogOutputStream:76 - [STDOUT_REDIRECT] Command line
2020-02-02 17:47:07,294 [INFO] LogOutputStream:76 - [STDOUT_REDIRECT] Debug : prepare data for SYS
2020-02-02 17:47:07,294 [INFO] LogOutputStream:76 - [STDOUT_REDIRECT] Command line test
2020-02-02 17:47:07,296 [INFO] LogOutputStream:76 - [STDOUT_REDIRECT] Debug : prepare data for NVIC
2020-02-02 17:47:07,297 [INFO] LogOutputStream:76 - [STDOUT_REDIRECT] Command line test
2020-02-02 17:47:07,326 [INFO] CodeEngine:193 - oldGeneratedFile, C:\Users\parki\Documents\GitHub\SRDAQ_Firmware\Firmware\Core\Src\stm32f4xx_it.c_save
2020-02-02 17:47:07,411 [INFO] CodeEngine:211 - Generated code: C:\Users\parki\Documents\GitHub\SRDAQ_Firmware\Firmware\Core\Src\stm32f4xx_it.c
2020-02-02 17:47:07,431 [INFO] CodeEngine:193 - oldGeneratedFile, C:\Users\parki\Documents\GitHub\SRDAQ_Firmware\Firmware\Core\Inc\stm32f4xx_it.h_save
2020-02-02 17:47:07,492 [INFO] CodeEngine:211 - Generated code: C:\Users\parki\Documents\GitHub\SRDAQ_Firmware\Firmware\Core\Inc\stm32f4xx_it.h
2020-02-02 17:47:07,524 [INFO] CodeEngine:193 - oldGeneratedFile, C:\Users\parki\Documents\GitHub\SRDAQ_Firmware\Firmware\Core\Src\stm32f4xx_hal_msp.c_save
2020-02-02 17:47:07,670 [INFO] CodeEngine:211 - Generated code: C:\Users\parki\Documents\GitHub\SRDAQ_Firmware\Firmware\Core\Src\stm32f4xx_hal_msp.c
2020-02-02 17:47:07,689 [INFO] CodeEngine:193 - oldGeneratedFile, C:\Users\parki\Documents\GitHub\SRDAQ_Firmware\Firmware\MXTmpFiles\system.tmp_save
2020-02-02 17:47:07,760 [INFO] CodeEngine:211 - Generated code: C:\Users\parki\Documents\GitHub\SRDAQ_Firmware\Firmware\MXTmpFiles\system.tmp
2020-02-02 17:47:07,791 [INFO] CodeEngine:193 - oldGeneratedFile, C:\Users\parki\Documents\GitHub\SRDAQ_Firmware\Firmware\Core\Inc\stm32f4xx_hal_conf.h_save
2020-02-02 17:47:07,871 [INFO] CodeEngine:211 - Generated code: C:\Users\parki\Documents\GitHub\SRDAQ_Firmware\Firmware\Core\Inc\stm32f4xx_hal_conf.h
2020-02-02 17:47:07,893 [WARN] IPConfigManager:2673 - IP not found : gpio
2020-02-02 17:47:07,893 [WARN] CodeGenerator:2697 - IP not found : gpio
2020-02-02 17:47:07,923 [INFO] CodeEngine:193 - oldGeneratedFile, C:\Users\parki\Documents\GitHub\SRDAQ_Firmware\Firmware\Core\Inc\main.h_save
2020-02-02 17:47:07,990 [INFO] CodeEngine:211 - Generated code: C:\Users\parki\Documents\GitHub\SRDAQ_Firmware\Firmware\Core\Inc\main.h
2020-02-02 17:47:08,021 [INFO] CodeEngine:193 - oldGeneratedFile, C:\Users\parki\Documents\GitHub\SRDAQ_Firmware\Firmware\Core\Src\main.c_save
2020-02-02 17:47:08,119 [INFO] CodeEngine:211 - Generated code: C:\Users\parki\Documents\GitHub\SRDAQ_Firmware\Firmware\Core\Src\main.c
2020-02-02 17:47:08,659 [INFO] ProjectBuilder:1645 - Time for Copy HAL[1] : 216mS.
2020-02-02 17:47:08,662 [INFO] ProjectBuilder:2206 - Project Generator version: 3.5.2
2020-02-02 17:47:08,841 [INFO] ConfigFileManager:953 - The Die is : DIE421
2020-02-02 17:47:10,687 [INFO] ProjectBuilder:2373 - Time for Generating toolchain IDE Files: 2025mS.
2020-02-02 17:47:10,690 [INFO] ProjectBuilder:1505 - Time for Copy CMSIS : 2mS.
2020-02-02 17:47:10,693 [INFO] ProjectBuilder:1505 - Time for Copy CMSIS : 0mS.
